ARM GAS  C:\Users\15026\AppData\Local\Temp\ccsk9lBB.s 			page 1


   1              		.syntax unified
   2              		.cpu cortex-m0plus
   3              		.fpu softvfp
   4              		.eabi_attribute 20, 1
   5              		.eabi_attribute 21, 1
   6              		.eabi_attribute 23, 3
   7              		.eabi_attribute 24, 1
   8              		.eabi_attribute 25, 1
   9              		.eabi_attribute 26, 1
  10              		.eabi_attribute 30, 1
  11              		.eabi_attribute 34, 0
  12              		.eabi_attribute 18, 4
  13              		.thumb
  14              		.syntax unified
  15              		.file	"main_cm0p.c"
  16              		.text
  17              	.Ltext0:
  18              		.cfi_sections	.debug_frame
  19              		.section	.text.main,"ax",%progbits
  20              		.align	2
  21              		.global	main
  22              		.code	16
  23              		.thumb_func
  24              		.type	main, %function
  25              	main:
  26              	.LFB609:
  27              		.file 1 "main_cm0p.c"
   1:main_cm0p.c   **** /* ========================================
   2:main_cm0p.c   ****  *
   3:main_cm0p.c   ****  * Copyright YOUR COMPANY, THE YEAR
   4:main_cm0p.c   ****  * All Rights Reserved
   5:main_cm0p.c   ****  * UNPUBLISHED, LICENSED SOFTWARE.
   6:main_cm0p.c   ****  *
   7:main_cm0p.c   ****  * CONFIDENTIAL AND PROPRIETARY INFORMATION
   8:main_cm0p.c   ****  * WHICH IS THE PROPERTY OF your company.
   9:main_cm0p.c   ****  *
  10:main_cm0p.c   ****  * ========================================
  11:main_cm0p.c   **** */
  12:main_cm0p.c   **** #include "project.h"
  13:main_cm0p.c   **** 
  14:main_cm0p.c   **** int main(void)
  15:main_cm0p.c   **** {
  28              		.loc 1 15 0
  29              		.cfi_startproc
  30              		@ Volatile: function does not return.
  31              		@ args = 0, pretend = 0, frame = 0
  32              		@ frame_needed = 0, uses_anonymous_args = 0
  33 0000 10B5     		push	{r4, lr}
  34              		.cfi_def_cfa_offset 8
  35              		.cfi_offset 4, -8
  36              		.cfi_offset 14, -4
  37              	.LBB4:
  38              	.LBB5:
  39              		.file 2 "Generated_Source\\PSoC6\\pdl\\cmsis/include/cmsis_gcc.h"
   1:Generated_Source\PSoC6\pdl\cmsis/include/cmsis_gcc.h **** /**************************************************************************//**
   2:Generated_Source\PSoC6\pdl\cmsis/include/cmsis_gcc.h ****  * @file     cmsis_gcc.h
   3:Generated_Source\PSoC6\pdl\cmsis/include/cmsis_gcc.h ****  * @brief    CMSIS compiler GCC header file
ARM GAS  C:\Users\15026\AppData\Local\Temp\ccsk9lBB.s 			page 2


   4:Generated_Source\PSoC6\pdl\cmsis/include/cmsis_gcc.h ****  * @version  V5.0.3
   5:Generated_Source\PSoC6\pdl\cmsis/include/cmsis_gcc.h ****  * @date     16. January 2018
   6:Generated_Source\PSoC6\pdl\cmsis/include/cmsis_gcc.h ****  ******************************************************************************/
   7:Generated_Source\PSoC6\pdl\cmsis/include/cmsis_gcc.h **** /*
   8:Generated_Source\PSoC6\pdl\cmsis/include/cmsis_gcc.h ****  * Copyright (c) 2009-2017 ARM Limited. All rights reserved.
   9:Generated_Source\PSoC6\pdl\cmsis/include/cmsis_gcc.h ****  *
  10:Generated_Source\PSoC6\pdl\cmsis/include/cmsis_gcc.h ****  * SPDX-License-Identifier: Apache-2.0
  11:Generated_Source\PSoC6\pdl\cmsis/include/cmsis_gcc.h ****  *
  12:Generated_Source\PSoC6\pdl\cmsis/include/cmsis_gcc.h ****  * Licensed under the Apache License, Version 2.0 (the License); you may
  13:Generated_Source\PSoC6\pdl\cmsis/include/cmsis_gcc.h ****  * not use this file except in compliance with the License.
  14:Generated_Source\PSoC6\pdl\cmsis/include/cmsis_gcc.h ****  * You may obtain a copy of the License at
  15:Generated_Source\PSoC6\pdl\cmsis/include/cmsis_gcc.h ****  *
  16:Generated_Source\PSoC6\pdl\cmsis/include/cmsis_gcc.h ****  * www.apache.org/licenses/LICENSE-2.0
  17:Generated_Source\PSoC6\pdl\cmsis/include/cmsis_gcc.h ****  *
  18:Generated_Source\PSoC6\pdl\cmsis/include/cmsis_gcc.h ****  * Unless required by applicable law or agreed to in writing, software
  19:Generated_Source\PSoC6\pdl\cmsis/include/cmsis_gcc.h ****  * distributed under the License is distributed on an AS IS BASIS, WITHOUT
  20:Generated_Source\PSoC6\pdl\cmsis/include/cmsis_gcc.h ****  * WARRANTIES OR CONDITIONS OF ANY KIND, either express or implied.
  21:Generated_Source\PSoC6\pdl\cmsis/include/cmsis_gcc.h ****  * See the License for the specific language governing permissions and
  22:Generated_Source\PSoC6\pdl\cmsis/include/cmsis_gcc.h ****  * limitations under the License.
  23:Generated_Source\PSoC6\pdl\cmsis/include/cmsis_gcc.h ****  */
  24:Generated_Source\PSoC6\pdl\cmsis/include/cmsis_gcc.h **** 
  25:Generated_Source\PSoC6\pdl\cmsis/include/cmsis_gcc.h **** #ifndef __CMSIS_GCC_H
  26:Generated_Source\PSoC6\pdl\cmsis/include/cmsis_gcc.h **** #define __CMSIS_GCC_H
  27:Generated_Source\PSoC6\pdl\cmsis/include/cmsis_gcc.h **** 
  28:Generated_Source\PSoC6\pdl\cmsis/include/cmsis_gcc.h **** /* ignore some GCC warnings */
  29:Generated_Source\PSoC6\pdl\cmsis/include/cmsis_gcc.h **** #pragma GCC diagnostic push
  30:Generated_Source\PSoC6\pdl\cmsis/include/cmsis_gcc.h **** #pragma GCC diagnostic ignored "-Wsign-conversion"
  31:Generated_Source\PSoC6\pdl\cmsis/include/cmsis_gcc.h **** #pragma GCC diagnostic ignored "-Wconversion"
  32:Generated_Source\PSoC6\pdl\cmsis/include/cmsis_gcc.h **** #pragma GCC diagnostic ignored "-Wunused-parameter"
  33:Generated_Source\PSoC6\pdl\cmsis/include/cmsis_gcc.h **** 
  34:Generated_Source\PSoC6\pdl\cmsis/include/cmsis_gcc.h **** /* Fallback for __has_builtin */
  35:Generated_Source\PSoC6\pdl\cmsis/include/cmsis_gcc.h **** #ifndef __has_builtin
  36:Generated_Source\PSoC6\pdl\cmsis/include/cmsis_gcc.h ****   #define __has_builtin(x) (0)
  37:Generated_Source\PSoC6\pdl\cmsis/include/cmsis_gcc.h **** #endif
  38:Generated_Source\PSoC6\pdl\cmsis/include/cmsis_gcc.h **** 
  39:Generated_Source\PSoC6\pdl\cmsis/include/cmsis_gcc.h **** /* CMSIS compiler specific defines */
  40:Generated_Source\PSoC6\pdl\cmsis/include/cmsis_gcc.h **** #ifndef   __ASM
  41:Generated_Source\PSoC6\pdl\cmsis/include/cmsis_gcc.h ****   #define __ASM                                  __asm
  42:Generated_Source\PSoC6\pdl\cmsis/include/cmsis_gcc.h **** #endif
  43:Generated_Source\PSoC6\pdl\cmsis/include/cmsis_gcc.h **** #ifndef   __INLINE
  44:Generated_Source\PSoC6\pdl\cmsis/include/cmsis_gcc.h ****   #define __INLINE                               inline
  45:Generated_Source\PSoC6\pdl\cmsis/include/cmsis_gcc.h **** #endif
  46:Generated_Source\PSoC6\pdl\cmsis/include/cmsis_gcc.h **** #ifndef   __STATIC_INLINE
  47:Generated_Source\PSoC6\pdl\cmsis/include/cmsis_gcc.h ****   #define __STATIC_INLINE                        static inline
  48:Generated_Source\PSoC6\pdl\cmsis/include/cmsis_gcc.h **** #endif
  49:Generated_Source\PSoC6\pdl\cmsis/include/cmsis_gcc.h **** #ifndef   __STATIC_FORCEINLINE                 
  50:Generated_Source\PSoC6\pdl\cmsis/include/cmsis_gcc.h ****   #define __STATIC_FORCEINLINE                   __attribute__((always_inline)) static inline
  51:Generated_Source\PSoC6\pdl\cmsis/include/cmsis_gcc.h **** #endif                                           
  52:Generated_Source\PSoC6\pdl\cmsis/include/cmsis_gcc.h **** #ifndef   __NO_RETURN
  53:Generated_Source\PSoC6\pdl\cmsis/include/cmsis_gcc.h ****   #define __NO_RETURN                            __attribute__((__noreturn__))
  54:Generated_Source\PSoC6\pdl\cmsis/include/cmsis_gcc.h **** #endif
  55:Generated_Source\PSoC6\pdl\cmsis/include/cmsis_gcc.h **** #ifndef   __USED
  56:Generated_Source\PSoC6\pdl\cmsis/include/cmsis_gcc.h ****   #define __USED                                 __attribute__((used))
  57:Generated_Source\PSoC6\pdl\cmsis/include/cmsis_gcc.h **** #endif
  58:Generated_Source\PSoC6\pdl\cmsis/include/cmsis_gcc.h **** #ifndef   __WEAK
  59:Generated_Source\PSoC6\pdl\cmsis/include/cmsis_gcc.h ****   #define __WEAK                                 __attribute__((weak))
  60:Generated_Source\PSoC6\pdl\cmsis/include/cmsis_gcc.h **** #endif
ARM GAS  C:\Users\15026\AppData\Local\Temp\ccsk9lBB.s 			page 3


  61:Generated_Source\PSoC6\pdl\cmsis/include/cmsis_gcc.h **** #ifndef   __PACKED
  62:Generated_Source\PSoC6\pdl\cmsis/include/cmsis_gcc.h ****   #define __PACKED                               __attribute__((packed, aligned(1)))
  63:Generated_Source\PSoC6\pdl\cmsis/include/cmsis_gcc.h **** #endif
  64:Generated_Source\PSoC6\pdl\cmsis/include/cmsis_gcc.h **** #ifndef   __PACKED_STRUCT
  65:Generated_Source\PSoC6\pdl\cmsis/include/cmsis_gcc.h ****   #define __PACKED_STRUCT                        struct __attribute__((packed, aligned(1)))
  66:Generated_Source\PSoC6\pdl\cmsis/include/cmsis_gcc.h **** #endif
  67:Generated_Source\PSoC6\pdl\cmsis/include/cmsis_gcc.h **** #ifndef   __PACKED_UNION
  68:Generated_Source\PSoC6\pdl\cmsis/include/cmsis_gcc.h ****   #define __PACKED_UNION                         union __attribute__((packed, aligned(1)))
  69:Generated_Source\PSoC6\pdl\cmsis/include/cmsis_gcc.h **** #endif
  70:Generated_Source\PSoC6\pdl\cmsis/include/cmsis_gcc.h **** #ifndef   __UNALIGNED_UINT32        /* deprecated */
  71:Generated_Source\PSoC6\pdl\cmsis/include/cmsis_gcc.h ****   #pragma GCC diagnostic push
  72:Generated_Source\PSoC6\pdl\cmsis/include/cmsis_gcc.h ****   #pragma GCC diagnostic ignored "-Wpacked"
  73:Generated_Source\PSoC6\pdl\cmsis/include/cmsis_gcc.h ****   #pragma GCC diagnostic ignored "-Wattributes"
  74:Generated_Source\PSoC6\pdl\cmsis/include/cmsis_gcc.h ****   struct __attribute__((packed)) T_UINT32 { uint32_t v; };
  75:Generated_Source\PSoC6\pdl\cmsis/include/cmsis_gcc.h ****   #pragma GCC diagnostic pop
  76:Generated_Source\PSoC6\pdl\cmsis/include/cmsis_gcc.h ****   #define __UNALIGNED_UINT32(x)                  (((struct T_UINT32 *)(x))->v)
  77:Generated_Source\PSoC6\pdl\cmsis/include/cmsis_gcc.h **** #endif
  78:Generated_Source\PSoC6\pdl\cmsis/include/cmsis_gcc.h **** #ifndef   __UNALIGNED_UINT16_WRITE
  79:Generated_Source\PSoC6\pdl\cmsis/include/cmsis_gcc.h ****   #pragma GCC diagnostic push
  80:Generated_Source\PSoC6\pdl\cmsis/include/cmsis_gcc.h ****   #pragma GCC diagnostic ignored "-Wpacked"
  81:Generated_Source\PSoC6\pdl\cmsis/include/cmsis_gcc.h ****   #pragma GCC diagnostic ignored "-Wattributes"
  82:Generated_Source\PSoC6\pdl\cmsis/include/cmsis_gcc.h ****   __PACKED_STRUCT T_UINT16_WRITE { uint16_t v; };
  83:Generated_Source\PSoC6\pdl\cmsis/include/cmsis_gcc.h ****   #pragma GCC diagnostic pop
  84:Generated_Source\PSoC6\pdl\cmsis/include/cmsis_gcc.h ****   #define __UNALIGNED_UINT16_WRITE(addr, val)    (void)((((struct T_UINT16_WRITE *)(void *)(addr))-
  85:Generated_Source\PSoC6\pdl\cmsis/include/cmsis_gcc.h **** #endif
  86:Generated_Source\PSoC6\pdl\cmsis/include/cmsis_gcc.h **** #ifndef   __UNALIGNED_UINT16_READ
  87:Generated_Source\PSoC6\pdl\cmsis/include/cmsis_gcc.h ****   #pragma GCC diagnostic push
  88:Generated_Source\PSoC6\pdl\cmsis/include/cmsis_gcc.h ****   #pragma GCC diagnostic ignored "-Wpacked"
  89:Generated_Source\PSoC6\pdl\cmsis/include/cmsis_gcc.h ****   #pragma GCC diagnostic ignored "-Wattributes"
  90:Generated_Source\PSoC6\pdl\cmsis/include/cmsis_gcc.h ****   __PACKED_STRUCT T_UINT16_READ { uint16_t v; };
  91:Generated_Source\PSoC6\pdl\cmsis/include/cmsis_gcc.h ****   #pragma GCC diagnostic pop
  92:Generated_Source\PSoC6\pdl\cmsis/include/cmsis_gcc.h ****   #define __UNALIGNED_UINT16_READ(addr)          (((const struct T_UINT16_READ *)(const void *)(add
  93:Generated_Source\PSoC6\pdl\cmsis/include/cmsis_gcc.h **** #endif
  94:Generated_Source\PSoC6\pdl\cmsis/include/cmsis_gcc.h **** #ifndef   __UNALIGNED_UINT32_WRITE
  95:Generated_Source\PSoC6\pdl\cmsis/include/cmsis_gcc.h ****   #pragma GCC diagnostic push
  96:Generated_Source\PSoC6\pdl\cmsis/include/cmsis_gcc.h ****   #pragma GCC diagnostic ignored "-Wpacked"
  97:Generated_Source\PSoC6\pdl\cmsis/include/cmsis_gcc.h ****   #pragma GCC diagnostic ignored "-Wattributes"
  98:Generated_Source\PSoC6\pdl\cmsis/include/cmsis_gcc.h ****   __PACKED_STRUCT T_UINT32_WRITE { uint32_t v; };
  99:Generated_Source\PSoC6\pdl\cmsis/include/cmsis_gcc.h ****   #pragma GCC diagnostic pop
 100:Generated_Source\PSoC6\pdl\cmsis/include/cmsis_gcc.h ****   #define __UNALIGNED_UINT32_WRITE(addr, val)    (void)((((struct T_UINT32_WRITE *)(void *)(addr))-
 101:Generated_Source\PSoC6\pdl\cmsis/include/cmsis_gcc.h **** #endif
 102:Generated_Source\PSoC6\pdl\cmsis/include/cmsis_gcc.h **** #ifndef   __UNALIGNED_UINT32_READ
 103:Generated_Source\PSoC6\pdl\cmsis/include/cmsis_gcc.h ****   #pragma GCC diagnostic push
 104:Generated_Source\PSoC6\pdl\cmsis/include/cmsis_gcc.h ****   #pragma GCC diagnostic ignored "-Wpacked"
 105:Generated_Source\PSoC6\pdl\cmsis/include/cmsis_gcc.h ****   #pragma GCC diagnostic ignored "-Wattributes"
 106:Generated_Source\PSoC6\pdl\cmsis/include/cmsis_gcc.h ****   __PACKED_STRUCT T_UINT32_READ { uint32_t v; };
 107:Generated_Source\PSoC6\pdl\cmsis/include/cmsis_gcc.h ****   #pragma GCC diagnostic pop
 108:Generated_Source\PSoC6\pdl\cmsis/include/cmsis_gcc.h ****   #define __UNALIGNED_UINT32_READ(addr)          (((const struct T_UINT32_READ *)(const void *)(add
 109:Generated_Source\PSoC6\pdl\cmsis/include/cmsis_gcc.h **** #endif
 110:Generated_Source\PSoC6\pdl\cmsis/include/cmsis_gcc.h **** #ifndef   __ALIGNED
 111:Generated_Source\PSoC6\pdl\cmsis/include/cmsis_gcc.h ****   #define __ALIGNED(x)                           __attribute__((aligned(x)))
 112:Generated_Source\PSoC6\pdl\cmsis/include/cmsis_gcc.h **** #endif
 113:Generated_Source\PSoC6\pdl\cmsis/include/cmsis_gcc.h **** #ifndef   __RESTRICT
 114:Generated_Source\PSoC6\pdl\cmsis/include/cmsis_gcc.h ****   #define __RESTRICT                             __restrict
 115:Generated_Source\PSoC6\pdl\cmsis/include/cmsis_gcc.h **** #endif
 116:Generated_Source\PSoC6\pdl\cmsis/include/cmsis_gcc.h **** 
 117:Generated_Source\PSoC6\pdl\cmsis/include/cmsis_gcc.h **** 
ARM GAS  C:\Users\15026\AppData\Local\Temp\ccsk9lBB.s 			page 4


 118:Generated_Source\PSoC6\pdl\cmsis/include/cmsis_gcc.h **** /* ###########################  Core Function Access  ########################### */
 119:Generated_Source\PSoC6\pdl\cmsis/include/cmsis_gcc.h **** /** \ingroup  CMSIS_Core_FunctionInterface
 120:Generated_Source\PSoC6\pdl\cmsis/include/cmsis_gcc.h ****     \defgroup CMSIS_Core_RegAccFunctions CMSIS Core Register Access Functions
 121:Generated_Source\PSoC6\pdl\cmsis/include/cmsis_gcc.h ****   @{
 122:Generated_Source\PSoC6\pdl\cmsis/include/cmsis_gcc.h ****  */
 123:Generated_Source\PSoC6\pdl\cmsis/include/cmsis_gcc.h **** 
 124:Generated_Source\PSoC6\pdl\cmsis/include/cmsis_gcc.h **** /**
 125:Generated_Source\PSoC6\pdl\cmsis/include/cmsis_gcc.h ****   \brief   Enable IRQ Interrupts
 126:Generated_Source\PSoC6\pdl\cmsis/include/cmsis_gcc.h ****   \details Enables IRQ interrupts by clearing the I-bit in the CPSR.
 127:Generated_Source\PSoC6\pdl\cmsis/include/cmsis_gcc.h ****            Can only be executed in Privileged modes.
 128:Generated_Source\PSoC6\pdl\cmsis/include/cmsis_gcc.h ****  */
 129:Generated_Source\PSoC6\pdl\cmsis/include/cmsis_gcc.h **** __STATIC_FORCEINLINE void __enable_irq(void)
 130:Generated_Source\PSoC6\pdl\cmsis/include/cmsis_gcc.h **** {
 131:Generated_Source\PSoC6\pdl\cmsis/include/cmsis_gcc.h ****   __ASM volatile ("cpsie i" : : : "memory");
  40              		.loc 2 131 0
  41              		.syntax divided
  42              	@ 131 "Generated_Source\PSoC6\pdl\cmsis/include/cmsis_gcc.h" 1
  43 0002 62B6     		cpsie i
  44              	@ 0 "" 2
  45              		.thumb
  46              		.syntax unified
  47              	.LBE5:
  48              	.LBE4:
  16:main_cm0p.c   ****     __enable_irq(); /* Enable global interrupts. */
  17:main_cm0p.c   ****     /* Enable CM4.  CY_CORTEX_M4_APPL_ADDR must be updated if CM4 memory layout is changed. */
  18:main_cm0p.c   ****     Cy_SysEnableCM4(CY_CORTEX_M4_APPL_ADDR); 
  49              		.loc 1 18 0
  50 0004 0148     		ldr	r0, .L3
  51 0006 FFF7FEFF 		bl	Cy_SysEnableCM4
  52              	.LVL0:
  53              	.L2:
  54 000a FEE7     		b	.L2
  55              	.L4:
  56              		.align	2
  57              	.L3:
  58 000c 00000810 		.word	268959744
  59              		.cfi_endproc
  60              	.LFE609:
  61              		.size	main, .-main
  62              		.text
  63              	.Letext0:
  64              		.file 3 "c:\\program files (x86)\\cypress\\psoc creator\\4.4\\psoc creator\\import\\gnu\\arm\\5.4.
  65              		.file 4 "c:\\program files (x86)\\cypress\\psoc creator\\4.4\\psoc creator\\import\\gnu\\arm\\5.4.
  66              		.file 5 "Generated_Source\\PSoC6\\pdl\\drivers/peripheral/device/cy_device.h"
  67              		.file 6 "Generated_Source\\PSoC6\\pdl\\drivers/peripheral/scb/cy_scb_uart.h"
  68              		.file 7 "Generated_Source\\PSoC6\\pdl\\drivers/peripheral/tcpwm/cy_tcpwm_counter.h"
  69              		.file 8 "Generated_Source\\PSoC6\\pdl\\drivers/peripheral/tcpwm/cy_tcpwm_pwm.h"
  70              		.file 9 "Generated_Source\\PSoC6/PeriodicTimer.h"
  71              		.file 10 "Generated_Source\\PSoC6/MotorSpeedControl.h"
  72              		.file 11 "Generated_Source\\PSoC6/ServoControl.h"
  73              		.file 12 "Generated_Source\\PSoC6/LidarMotorControl.h"
  74              		.file 13 "Generated_Source\\PSoC6/ExternalUart.h"
  75              		.file 14 "Generated_Source\\PSoC6/LidarUart.h"
  76              		.file 15 "./system_psoc6.h"
  77              		.section	.debug_info,"",%progbits
  78              	.Ldebug_info0:
  79 0000 EC080000 		.4byte	0x8ec
ARM GAS  C:\Users\15026\AppData\Local\Temp\ccsk9lBB.s 			page 5


  80 0004 0400     		.2byte	0x4
  81 0006 00000000 		.4byte	.Ldebug_abbrev0
  82 000a 04       		.byte	0x4
  83 000b 01       		.uleb128 0x1
  84 000c 7D070000 		.4byte	.LASF170
  85 0010 0C       		.byte	0xc
  86 0011 8F000000 		.4byte	.LASF171
  87 0015 89050000 		.4byte	.LASF172
  88 0019 00000000 		.4byte	.Ldebug_ranges0+0
  89 001d 00000000 		.4byte	0
  90 0021 00000000 		.4byte	.Ldebug_line0
  91 0025 02       		.uleb128 0x2
  92 0026 02       		.byte	0x2
  93 0027 05       		.byte	0x5
  94 0028 ED060000 		.4byte	.LASF0
  95 002c 02       		.uleb128 0x2
  96 002d 01       		.byte	0x1
  97 002e 08       		.byte	0x8
  98 002f B6060000 		.4byte	.LASF1
  99 0033 02       		.uleb128 0x2
 100 0034 01       		.byte	0x1
 101 0035 06       		.byte	0x6
 102 0036 44090000 		.4byte	.LASF2
 103 003a 03       		.uleb128 0x3
 104 003b B6000000 		.4byte	.LASF3
 105 003f 03       		.byte	0x3
 106 0040 1D       		.byte	0x1d
 107 0041 2C000000 		.4byte	0x2c
 108 0045 03       		.uleb128 0x3
 109 0046 54030000 		.4byte	.LASF4
 110 004a 03       		.byte	0x3
 111 004b 29       		.byte	0x29
 112 004c 25000000 		.4byte	0x25
 113 0050 03       		.uleb128 0x3
 114 0051 4E080000 		.4byte	.LASF5
 115 0055 03       		.byte	0x3
 116 0056 2B       		.byte	0x2b
 117 0057 5B000000 		.4byte	0x5b
 118 005b 02       		.uleb128 0x2
 119 005c 02       		.byte	0x2
 120 005d 07       		.byte	0x7
 121 005e A5080000 		.4byte	.LASF6
 122 0062 02       		.uleb128 0x2
 123 0063 04       		.byte	0x4
 124 0064 05       		.byte	0x5
 125 0065 6D020000 		.4byte	.LASF7
 126 0069 03       		.uleb128 0x3
 127 006a 39030000 		.4byte	.LASF8
 128 006e 03       		.byte	0x3
 129 006f 41       		.byte	0x41
 130 0070 74000000 		.4byte	0x74
 131 0074 02       		.uleb128 0x2
 132 0075 04       		.byte	0x4
 133 0076 07       		.byte	0x7
 134 0077 F3030000 		.4byte	.LASF9
 135 007b 02       		.uleb128 0x2
 136 007c 08       		.byte	0x8
ARM GAS  C:\Users\15026\AppData\Local\Temp\ccsk9lBB.s 			page 6


 137 007d 05       		.byte	0x5
 138 007e C1010000 		.4byte	.LASF10
 139 0082 02       		.uleb128 0x2
 140 0083 08       		.byte	0x8
 141 0084 07       		.byte	0x7
 142 0085 33010000 		.4byte	.LASF11
 143 0089 04       		.uleb128 0x4
 144 008a 04       		.byte	0x4
 145 008b 05       		.byte	0x5
 146 008c 696E7400 		.ascii	"int\000"
 147 0090 02       		.uleb128 0x2
 148 0091 04       		.byte	0x4
 149 0092 07       		.byte	0x7
 150 0093 B7030000 		.4byte	.LASF12
 151 0097 03       		.uleb128 0x3
 152 0098 B6090000 		.4byte	.LASF13
 153 009c 04       		.byte	0x4
 154 009d 18       		.byte	0x18
 155 009e 3A000000 		.4byte	0x3a
 156 00a2 03       		.uleb128 0x3
 157 00a3 B9010000 		.4byte	.LASF14
 158 00a7 04       		.byte	0x4
 159 00a8 20       		.byte	0x20
 160 00a9 45000000 		.4byte	0x45
 161 00ad 03       		.uleb128 0x3
 162 00ae C4030000 		.4byte	.LASF15
 163 00b2 04       		.byte	0x4
 164 00b3 24       		.byte	0x24
 165 00b4 50000000 		.4byte	0x50
 166 00b8 03       		.uleb128 0x3
 167 00b9 5F070000 		.4byte	.LASF16
 168 00bd 04       		.byte	0x4
 169 00be 30       		.byte	0x30
 170 00bf 69000000 		.4byte	0x69
 171 00c3 02       		.uleb128 0x2
 172 00c4 04       		.byte	0x4
 173 00c5 07       		.byte	0x7
 174 00c6 75050000 		.4byte	.LASF17
 175 00ca 05       		.uleb128 0x5
 176 00cb B8000000 		.4byte	0xb8
 177 00cf 02       		.uleb128 0x2
 178 00d0 08       		.byte	0x8
 179 00d1 04       		.byte	0x4
 180 00d2 18080000 		.4byte	.LASF18
 181 00d6 06       		.uleb128 0x6
 182 00d7 B8       		.byte	0xb8
 183 00d8 05       		.byte	0x5
 184 00d9 34       		.byte	0x34
 185 00da E7040000 		.4byte	0x4e7
 186 00de 07       		.uleb128 0x7
 187 00df 09010000 		.4byte	.LASF19
 188 00e3 05       		.byte	0x5
 189 00e4 37       		.byte	0x37
 190 00e5 B8000000 		.4byte	0xb8
 191 00e9 00       		.byte	0
 192 00ea 07       		.uleb128 0x7
 193 00eb 2E030000 		.4byte	.LASF20
ARM GAS  C:\Users\15026\AppData\Local\Temp\ccsk9lBB.s 			page 7


 194 00ef 05       		.byte	0x5
 195 00f0 38       		.byte	0x38
 196 00f1 B8000000 		.4byte	0xb8
 197 00f5 04       		.byte	0x4
 198 00f6 07       		.uleb128 0x7
 199 00f7 84020000 		.4byte	.LASF21
 200 00fb 05       		.byte	0x5
 201 00fc 39       		.byte	0x39
 202 00fd B8000000 		.4byte	0xb8
 203 0101 08       		.byte	0x8
 204 0102 07       		.uleb128 0x7
 205 0103 A8060000 		.4byte	.LASF22
 206 0107 05       		.byte	0x5
 207 0108 3A       		.byte	0x3a
 208 0109 B8000000 		.4byte	0xb8
 209 010d 0C       		.byte	0xc
 210 010e 07       		.uleb128 0x7
 211 010f 13020000 		.4byte	.LASF23
 212 0113 05       		.byte	0x5
 213 0114 3B       		.byte	0x3b
 214 0115 B8000000 		.4byte	0xb8
 215 0119 10       		.byte	0x10
 216 011a 07       		.uleb128 0x7
 217 011b 4B020000 		.4byte	.LASF24
 218 011f 05       		.byte	0x5
 219 0120 3C       		.byte	0x3c
 220 0121 B8000000 		.4byte	0xb8
 221 0125 14       		.byte	0x14
 222 0126 07       		.uleb128 0x7
 223 0127 41040000 		.4byte	.LASF25
 224 012b 05       		.byte	0x5
 225 012c 3D       		.byte	0x3d
 226 012d B8000000 		.4byte	0xb8
 227 0131 18       		.byte	0x18
 228 0132 07       		.uleb128 0x7
 229 0133 86000000 		.4byte	.LASF26
 230 0137 05       		.byte	0x5
 231 0138 3E       		.byte	0x3e
 232 0139 B8000000 		.4byte	0xb8
 233 013d 1C       		.byte	0x1c
 234 013e 07       		.uleb128 0x7
 235 013f 4F0A0000 		.4byte	.LASF27
 236 0143 05       		.byte	0x5
 237 0144 3F       		.byte	0x3f
 238 0145 B8000000 		.4byte	0xb8
 239 0149 20       		.byte	0x20
 240 014a 07       		.uleb128 0x7
 241 014b 2F060000 		.4byte	.LASF28
 242 014f 05       		.byte	0x5
 243 0150 40       		.byte	0x40
 244 0151 B8000000 		.4byte	0xb8
 245 0155 24       		.byte	0x24
 246 0156 07       		.uleb128 0x7
 247 0157 2B050000 		.4byte	.LASF29
 248 015b 05       		.byte	0x5
 249 015c 43       		.byte	0x43
 250 015d 97000000 		.4byte	0x97
ARM GAS  C:\Users\15026\AppData\Local\Temp\ccsk9lBB.s 			page 8


 251 0161 28       		.byte	0x28
 252 0162 07       		.uleb128 0x7
 253 0163 69000000 		.4byte	.LASF30
 254 0167 05       		.byte	0x5
 255 0168 44       		.byte	0x44
 256 0169 97000000 		.4byte	0x97
 257 016d 29       		.byte	0x29
 258 016e 07       		.uleb128 0x7
 259 016f 450A0000 		.4byte	.LASF31
 260 0173 05       		.byte	0x5
 261 0174 45       		.byte	0x45
 262 0175 97000000 		.4byte	0x97
 263 0179 2A       		.byte	0x2a
 264 017a 07       		.uleb128 0x7
 265 017b 21060000 		.4byte	.LASF32
 266 017f 05       		.byte	0x5
 267 0180 46       		.byte	0x46
 268 0181 97000000 		.4byte	0x97
 269 0185 2B       		.byte	0x2b
 270 0186 07       		.uleb128 0x7
 271 0187 BE040000 		.4byte	.LASF33
 272 018b 05       		.byte	0x5
 273 018c 47       		.byte	0x47
 274 018d 97000000 		.4byte	0x97
 275 0191 2C       		.byte	0x2c
 276 0192 07       		.uleb128 0x7
 277 0193 6C080000 		.4byte	.LASF34
 278 0197 05       		.byte	0x5
 279 0198 48       		.byte	0x48
 280 0199 97000000 		.4byte	0x97
 281 019d 2D       		.byte	0x2d
 282 019e 07       		.uleb128 0x7
 283 019f 1C020000 		.4byte	.LASF35
 284 01a3 05       		.byte	0x5
 285 01a4 49       		.byte	0x49
 286 01a5 97000000 		.4byte	0x97
 287 01a9 2E       		.byte	0x2e
 288 01aa 07       		.uleb128 0x7
 289 01ab 38050000 		.4byte	.LASF36
 290 01af 05       		.byte	0x5
 291 01b0 4A       		.byte	0x4a
 292 01b1 97000000 		.4byte	0x97
 293 01b5 2F       		.byte	0x2f
 294 01b6 07       		.uleb128 0x7
 295 01b7 34080000 		.4byte	.LASF37
 296 01bb 05       		.byte	0x5
 297 01bc 4B       		.byte	0x4b
 298 01bd 97000000 		.4byte	0x97
 299 01c1 30       		.byte	0x30
 300 01c2 07       		.uleb128 0x7
 301 01c3 36040000 		.4byte	.LASF38
 302 01c7 05       		.byte	0x5
 303 01c8 4E       		.byte	0x4e
 304 01c9 97000000 		.4byte	0x97
 305 01cd 31       		.byte	0x31
 306 01ce 07       		.uleb128 0x7
 307 01cf A8000000 		.4byte	.LASF39
ARM GAS  C:\Users\15026\AppData\Local\Temp\ccsk9lBB.s 			page 9


 308 01d3 05       		.byte	0x5
 309 01d4 4F       		.byte	0x4f
 310 01d5 97000000 		.4byte	0x97
 311 01d9 32       		.byte	0x32
 312 01da 07       		.uleb128 0x7
 313 01db AB030000 		.4byte	.LASF40
 314 01df 05       		.byte	0x5
 315 01e0 50       		.byte	0x50
 316 01e1 97000000 		.4byte	0x97
 317 01e5 33       		.byte	0x33
 318 01e6 07       		.uleb128 0x7
 319 01e7 8C0A0000 		.4byte	.LASF41
 320 01eb 05       		.byte	0x5
 321 01ec 51       		.byte	0x51
 322 01ed 97000000 		.4byte	0x97
 323 01f1 34       		.byte	0x34
 324 01f2 07       		.uleb128 0x7
 325 01f3 E8080000 		.4byte	.LASF42
 326 01f7 05       		.byte	0x5
 327 01f8 52       		.byte	0x52
 328 01f9 A2000000 		.4byte	0xa2
 329 01fd 36       		.byte	0x36
 330 01fe 07       		.uleb128 0x7
 331 01ff B2020000 		.4byte	.LASF43
 332 0203 05       		.byte	0x5
 333 0204 53       		.byte	0x53
 334 0205 A2000000 		.4byte	0xa2
 335 0209 38       		.byte	0x38
 336 020a 07       		.uleb128 0x7
 337 020b 6A090000 		.4byte	.LASF44
 338 020f 05       		.byte	0x5
 339 0210 54       		.byte	0x54
 340 0211 A2000000 		.4byte	0xa2
 341 0215 3A       		.byte	0x3a
 342 0216 07       		.uleb128 0x7
 343 0217 3C020000 		.4byte	.LASF45
 344 021b 05       		.byte	0x5
 345 021c 55       		.byte	0x55
 346 021d 97000000 		.4byte	0x97
 347 0221 3C       		.byte	0x3c
 348 0222 07       		.uleb128 0x7
 349 0223 E7020000 		.4byte	.LASF46
 350 0227 05       		.byte	0x5
 351 0228 56       		.byte	0x56
 352 0229 97000000 		.4byte	0x97
 353 022d 3D       		.byte	0x3d
 354 022e 07       		.uleb128 0x7
 355 022f 41070000 		.4byte	.LASF47
 356 0233 05       		.byte	0x5
 357 0234 57       		.byte	0x57
 358 0235 97000000 		.4byte	0x97
 359 0239 3E       		.byte	0x3e
 360 023a 07       		.uleb128 0x7
 361 023b 1A010000 		.4byte	.LASF48
 362 023f 05       		.byte	0x5
 363 0240 58       		.byte	0x58
 364 0241 97000000 		.4byte	0x97
ARM GAS  C:\Users\15026\AppData\Local\Temp\ccsk9lBB.s 			page 10


 365 0245 3F       		.byte	0x3f
 366 0246 07       		.uleb128 0x7
 367 0247 3A060000 		.4byte	.LASF49
 368 024b 05       		.byte	0x5
 369 024c 59       		.byte	0x59
 370 024d 97000000 		.4byte	0x97
 371 0251 40       		.byte	0x40
 372 0252 07       		.uleb128 0x7
 373 0253 44030000 		.4byte	.LASF50
 374 0257 05       		.byte	0x5
 375 0258 5A       		.byte	0x5a
 376 0259 97000000 		.4byte	0x97
 377 025d 41       		.byte	0x41
 378 025e 07       		.uleb128 0x7
 379 025f 4A040000 		.4byte	.LASF51
 380 0263 05       		.byte	0x5
 381 0264 5B       		.byte	0x5b
 382 0265 97000000 		.4byte	0x97
 383 0269 42       		.byte	0x42
 384 026a 07       		.uleb128 0x7
 385 026b 0D060000 		.4byte	.LASF52
 386 026f 05       		.byte	0x5
 387 0270 5C       		.byte	0x5c
 388 0271 97000000 		.4byte	0x97
 389 0275 43       		.byte	0x43
 390 0276 07       		.uleb128 0x7
 391 0277 A1020000 		.4byte	.LASF53
 392 027b 05       		.byte	0x5
 393 027c 5D       		.byte	0x5d
 394 027d 97000000 		.4byte	0x97
 395 0281 44       		.byte	0x44
 396 0282 07       		.uleb128 0x7
 397 0283 00000000 		.4byte	.LASF54
 398 0287 05       		.byte	0x5
 399 0288 5E       		.byte	0x5e
 400 0289 B8000000 		.4byte	0xb8
 401 028d 48       		.byte	0x48
 402 028e 07       		.uleb128 0x7
 403 028f 76020000 		.4byte	.LASF55
 404 0293 05       		.byte	0x5
 405 0294 5F       		.byte	0x5f
 406 0295 B8000000 		.4byte	0xb8
 407 0299 4C       		.byte	0x4c
 408 029a 07       		.uleb128 0x7
 409 029b 9D0A0000 		.4byte	.LASF56
 410 029f 05       		.byte	0x5
 411 02a0 60       		.byte	0x60
 412 02a1 97000000 		.4byte	0x97
 413 02a5 50       		.byte	0x50
 414 02a6 07       		.uleb128 0x7
 415 02a7 93010000 		.4byte	.LASF57
 416 02ab 05       		.byte	0x5
 417 02ac 61       		.byte	0x61
 418 02ad 97000000 		.4byte	0x97
 419 02b1 51       		.byte	0x51
 420 02b2 07       		.uleb128 0x7
 421 02b3 8D090000 		.4byte	.LASF58
ARM GAS  C:\Users\15026\AppData\Local\Temp\ccsk9lBB.s 			page 11


 422 02b7 05       		.byte	0x5
 423 02b8 62       		.byte	0x62
 424 02b9 97000000 		.4byte	0x97
 425 02bd 52       		.byte	0x52
 426 02be 07       		.uleb128 0x7
 427 02bf 79080000 		.4byte	.LASF59
 428 02c3 05       		.byte	0x5
 429 02c4 63       		.byte	0x63
 430 02c5 97000000 		.4byte	0x97
 431 02c9 53       		.byte	0x53
 432 02ca 07       		.uleb128 0x7
 433 02cb 4F070000 		.4byte	.LASF60
 434 02cf 05       		.byte	0x5
 435 02d0 64       		.byte	0x64
 436 02d1 97000000 		.4byte	0x97
 437 02d5 54       		.byte	0x54
 438 02d6 07       		.uleb128 0x7
 439 02d7 A5010000 		.4byte	.LASF61
 440 02db 05       		.byte	0x5
 441 02dc 65       		.byte	0x65
 442 02dd 97000000 		.4byte	0x97
 443 02e1 55       		.byte	0x55
 444 02e2 07       		.uleb128 0x7
 445 02e3 DF030000 		.4byte	.LASF62
 446 02e7 05       		.byte	0x5
 447 02e8 66       		.byte	0x66
 448 02e9 97000000 		.4byte	0x97
 449 02ed 56       		.byte	0x56
 450 02ee 07       		.uleb128 0x7
 451 02ef 0B070000 		.4byte	.LASF63
 452 02f3 05       		.byte	0x5
 453 02f4 67       		.byte	0x67
 454 02f5 97000000 		.4byte	0x97
 455 02f9 57       		.byte	0x57
 456 02fa 07       		.uleb128 0x7
 457 02fb 24000000 		.4byte	.LASF64
 458 02ff 05       		.byte	0x5
 459 0300 68       		.byte	0x68
 460 0301 97000000 		.4byte	0x97
 461 0305 58       		.byte	0x58
 462 0306 07       		.uleb128 0x7
 463 0307 D9060000 		.4byte	.LASF65
 464 030b 05       		.byte	0x5
 465 030c 69       		.byte	0x69
 466 030d 97000000 		.4byte	0x97
 467 0311 59       		.byte	0x59
 468 0312 07       		.uleb128 0x7
 469 0313 7E050000 		.4byte	.LASF66
 470 0317 05       		.byte	0x5
 471 0318 6E       		.byte	0x6e
 472 0319 AD000000 		.4byte	0xad
 473 031d 5A       		.byte	0x5a
 474 031e 07       		.uleb128 0x7
 475 031f B8080000 		.4byte	.LASF67
 476 0323 05       		.byte	0x5
 477 0324 6F       		.byte	0x6f
 478 0325 AD000000 		.4byte	0xad
ARM GAS  C:\Users\15026\AppData\Local\Temp\ccsk9lBB.s 			page 12


 479 0329 5C       		.byte	0x5c
 480 032a 07       		.uleb128 0x7
 481 032b 77000000 		.4byte	.LASF68
 482 032f 05       		.byte	0x5
 483 0330 70       		.byte	0x70
 484 0331 97000000 		.4byte	0x97
 485 0335 5E       		.byte	0x5e
 486 0336 07       		.uleb128 0x7
 487 0337 89060000 		.4byte	.LASF69
 488 033b 05       		.byte	0x5
 489 033c 71       		.byte	0x71
 490 033d 97000000 		.4byte	0x97
 491 0341 5F       		.byte	0x5f
 492 0342 07       		.uleb128 0x7
 493 0343 FC050000 		.4byte	.LASF70
 494 0347 05       		.byte	0x5
 495 0348 72       		.byte	0x72
 496 0349 97000000 		.4byte	0x97
 497 034d 60       		.byte	0x60
 498 034e 07       		.uleb128 0x7
 499 034f 62060000 		.4byte	.LASF71
 500 0353 05       		.byte	0x5
 501 0354 73       		.byte	0x73
 502 0355 B8000000 		.4byte	0xb8
 503 0359 64       		.byte	0x64
 504 035a 07       		.uleb128 0x7
 505 035b 59010000 		.4byte	.LASF72
 506 035f 05       		.byte	0x5
 507 0360 76       		.byte	0x76
 508 0361 AD000000 		.4byte	0xad
 509 0365 68       		.byte	0x68
 510 0366 07       		.uleb128 0x7
 511 0367 CD030000 		.4byte	.LASF73
 512 036b 05       		.byte	0x5
 513 036c 77       		.byte	0x77
 514 036d AD000000 		.4byte	0xad
 515 0371 6A       		.byte	0x6a
 516 0372 07       		.uleb128 0x7
 517 0373 6D040000 		.4byte	.LASF74
 518 0377 05       		.byte	0x5
 519 0378 78       		.byte	0x78
 520 0379 AD000000 		.4byte	0xad
 521 037d 6C       		.byte	0x6c
 522 037e 07       		.uleb128 0x7
 523 037f A1040000 		.4byte	.LASF75
 524 0383 05       		.byte	0x5
 525 0384 79       		.byte	0x79
 526 0385 AD000000 		.4byte	0xad
 527 0389 6E       		.byte	0x6e
 528 038a 07       		.uleb128 0x7
 529 038b F7060000 		.4byte	.LASF76
 530 038f 05       		.byte	0x5
 531 0390 7B       		.byte	0x7b
 532 0391 97000000 		.4byte	0x97
 533 0395 70       		.byte	0x70
 534 0396 07       		.uleb128 0x7
 535 0397 ED010000 		.4byte	.LASF77
ARM GAS  C:\Users\15026\AppData\Local\Temp\ccsk9lBB.s 			page 13


 536 039b 05       		.byte	0x5
 537 039c 7C       		.byte	0x7c
 538 039d 97000000 		.4byte	0x97
 539 03a1 71       		.byte	0x71
 540 03a2 07       		.uleb128 0x7
 541 03a3 570A0000 		.4byte	.LASF78
 542 03a7 05       		.byte	0x5
 543 03a8 7D       		.byte	0x7d
 544 03a9 97000000 		.4byte	0x97
 545 03ad 72       		.byte	0x72
 546 03ae 07       		.uleb128 0x7
 547 03af D7050000 		.4byte	.LASF79
 548 03b3 05       		.byte	0x5
 549 03b4 7E       		.byte	0x7e
 550 03b5 97000000 		.4byte	0x97
 551 03b9 73       		.byte	0x73
 552 03ba 07       		.uleb128 0x7
 553 03bb 08030000 		.4byte	.LASF80
 554 03bf 05       		.byte	0x5
 555 03c0 80       		.byte	0x80
 556 03c1 AD000000 		.4byte	0xad
 557 03c5 74       		.byte	0x74
 558 03c6 07       		.uleb128 0x7
 559 03c7 59080000 		.4byte	.LASF81
 560 03cb 05       		.byte	0x5
 561 03cc 81       		.byte	0x81
 562 03cd AD000000 		.4byte	0xad
 563 03d1 76       		.byte	0x76
 564 03d2 07       		.uleb128 0x7
 565 03d3 D2020000 		.4byte	.LASF82
 566 03d7 05       		.byte	0x5
 567 03d8 82       		.byte	0x82
 568 03d9 AD000000 		.4byte	0xad
 569 03dd 78       		.byte	0x78
 570 03de 07       		.uleb128 0x7
 571 03df C0000000 		.4byte	.LASF83
 572 03e3 05       		.byte	0x5
 573 03e4 83       		.byte	0x83
 574 03e5 AD000000 		.4byte	0xad
 575 03e9 7A       		.byte	0x7a
 576 03ea 07       		.uleb128 0x7
 577 03eb D3090000 		.4byte	.LASF84
 578 03ef 05       		.byte	0x5
 579 03f0 86       		.byte	0x86
 580 03f1 97000000 		.4byte	0x97
 581 03f5 7C       		.byte	0x7c
 582 03f6 07       		.uleb128 0x7
 583 03f7 25090000 		.4byte	.LASF85
 584 03fb 05       		.byte	0x5
 585 03fc 87       		.byte	0x87
 586 03fd 97000000 		.4byte	0x97
 587 0401 7D       		.byte	0x7d
 588 0402 07       		.uleb128 0x7
 589 0403 38000000 		.4byte	.LASF86
 590 0407 05       		.byte	0x5
 591 0408 88       		.byte	0x88
 592 0409 97000000 		.4byte	0x97
ARM GAS  C:\Users\15026\AppData\Local\Temp\ccsk9lBB.s 			page 14


 593 040d 7E       		.byte	0x7e
 594 040e 07       		.uleb128 0x7
 595 040f 1A030000 		.4byte	.LASF87
 596 0413 05       		.byte	0x5
 597 0414 89       		.byte	0x89
 598 0415 97000000 		.4byte	0x97
 599 0419 7F       		.byte	0x7f
 600 041a 07       		.uleb128 0x7
 601 041b 97030000 		.4byte	.LASF88
 602 041f 05       		.byte	0x5
 603 0420 8A       		.byte	0x8a
 604 0421 97000000 		.4byte	0x97
 605 0425 80       		.byte	0x80
 606 0426 07       		.uleb128 0x7
 607 0427 0E090000 		.4byte	.LASF89
 608 042b 05       		.byte	0x5
 609 042c 8D       		.byte	0x8d
 610 042d B8000000 		.4byte	0xb8
 611 0431 84       		.byte	0x84
 612 0432 07       		.uleb128 0x7
 613 0433 D5000000 		.4byte	.LASF90
 614 0437 05       		.byte	0x5
 615 0438 8E       		.byte	0x8e
 616 0439 B8000000 		.4byte	0xb8
 617 043d 88       		.byte	0x88
 618 043e 07       		.uleb128 0x7
 619 043f BE090000 		.4byte	.LASF91
 620 0443 05       		.byte	0x5
 621 0444 8F       		.byte	0x8f
 622 0445 B8000000 		.4byte	0xb8
 623 0449 8C       		.byte	0x8c
 624 044a 07       		.uleb128 0x7
 625 044b 44050000 		.4byte	.LASF92
 626 044f 05       		.byte	0x5
 627 0450 90       		.byte	0x90
 628 0451 B8000000 		.4byte	0xb8
 629 0455 90       		.byte	0x90
 630 0456 07       		.uleb128 0x7
 631 0457 67030000 		.4byte	.LASF93
 632 045b 05       		.byte	0x5
 633 045c 91       		.byte	0x91
 634 045d B8000000 		.4byte	0xb8
 635 0461 94       		.byte	0x94
 636 0462 07       		.uleb128 0x7
 637 0463 0A050000 		.4byte	.LASF94
 638 0467 05       		.byte	0x5
 639 0468 92       		.byte	0x92
 640 0469 B8000000 		.4byte	0xb8
 641 046d 98       		.byte	0x98
 642 046e 07       		.uleb128 0x7
 643 046f 200A0000 		.4byte	.LASF95
 644 0473 05       		.byte	0x5
 645 0474 93       		.byte	0x93
 646 0475 B8000000 		.4byte	0xb8
 647 0479 9C       		.byte	0x9c
 648 047a 07       		.uleb128 0x7
 649 047b 73010000 		.4byte	.LASF96
ARM GAS  C:\Users\15026\AppData\Local\Temp\ccsk9lBB.s 			page 15


 650 047f 05       		.byte	0x5
 651 0480 94       		.byte	0x94
 652 0481 B8000000 		.4byte	0xb8
 653 0485 A0       		.byte	0xa0
 654 0486 07       		.uleb128 0x7
 655 0487 27020000 		.4byte	.LASF97
 656 048b 05       		.byte	0x5
 657 048c 95       		.byte	0x95
 658 048d AD000000 		.4byte	0xad
 659 0491 A4       		.byte	0xa4
 660 0492 07       		.uleb128 0x7
 661 0493 68070000 		.4byte	.LASF98
 662 0497 05       		.byte	0x5
 663 0498 96       		.byte	0x96
 664 0499 AD000000 		.4byte	0xad
 665 049d A6       		.byte	0xa6
 666 049e 07       		.uleb128 0x7
 667 049f 7D060000 		.4byte	.LASF99
 668 04a3 05       		.byte	0x5
 669 04a4 97       		.byte	0x97
 670 04a5 AD000000 		.4byte	0xad
 671 04a9 A8       		.byte	0xa8
 672 04aa 07       		.uleb128 0x7
 673 04ab 40080000 		.4byte	.LASF100
 674 04af 05       		.byte	0x5
 675 04b0 98       		.byte	0x98
 676 04b1 AD000000 		.4byte	0xad
 677 04b5 AA       		.byte	0xaa
 678 04b6 07       		.uleb128 0x7
 679 04b7 7C040000 		.4byte	.LASF101
 680 04bb 05       		.byte	0x5
 681 04bc 99       		.byte	0x99
 682 04bd AD000000 		.4byte	0xad
 683 04c1 AC       		.byte	0xac
 684 04c2 07       		.uleb128 0x7
 685 04c3 EE050000 		.4byte	.LASF102
 686 04c7 05       		.byte	0x5
 687 04c8 9A       		.byte	0x9a
 688 04c9 AD000000 		.4byte	0xad
 689 04cd AE       		.byte	0xae
 690 04ce 07       		.uleb128 0x7
 691 04cf CB080000 		.4byte	.LASF103
 692 04d3 05       		.byte	0x5
 693 04d4 9D       		.byte	0x9d
 694 04d5 AD000000 		.4byte	0xad
 695 04d9 B0       		.byte	0xb0
 696 04da 07       		.uleb128 0x7
 697 04db 55000000 		.4byte	.LASF104
 698 04df 05       		.byte	0x5
 699 04e0 9E       		.byte	0x9e
 700 04e1 B8000000 		.4byte	0xb8
 701 04e5 B4       		.byte	0xb4
 702 04e6 00       		.byte	0
 703 04e7 03       		.uleb128 0x3
 704 04e8 D0040000 		.4byte	.LASF105
 705 04ec 05       		.byte	0x5
 706 04ed 9F       		.byte	0x9f
ARM GAS  C:\Users\15026\AppData\Local\Temp\ccsk9lBB.s 			page 16


 707 04ee D6000000 		.4byte	0xd6
 708 04f2 02       		.uleb128 0x2
 709 04f3 01       		.byte	0x1
 710 04f4 08       		.byte	0x8
 711 04f5 24080000 		.4byte	.LASF106
 712 04f9 02       		.uleb128 0x2
 713 04fa 04       		.byte	0x4
 714 04fb 04       		.byte	0x4
 715 04fc 5C060000 		.4byte	.LASF107
 716 0500 02       		.uleb128 0x2
 717 0501 08       		.byte	0x8
 718 0502 04       		.byte	0x4
 719 0503 850A0000 		.4byte	.LASF108
 720 0507 08       		.uleb128 0x8
 721 0508 04       		.byte	0x4
 722 0509 02       		.uleb128 0x2
 723 050a 01       		.byte	0x1
 724 050b 02       		.byte	0x2
 725 050c B0060000 		.4byte	.LASF109
 726 0510 09       		.uleb128 0x9
 727 0511 04       		.byte	0x4
 728 0512 16050000 		.4byte	0x516
 729 0516 0A       		.uleb128 0xa
 730 0517 21050000 		.4byte	0x521
 731 051b 0B       		.uleb128 0xb
 732 051c B8000000 		.4byte	0xb8
 733 0520 00       		.byte	0
 734 0521 0C       		.uleb128 0xc
 735 0522 17040000 		.4byte	.LASF110
 736 0526 06       		.byte	0x6
 737 0527 D901     		.2byte	0x1d9
 738 0529 10050000 		.4byte	0x510
 739 052d 0D       		.uleb128 0xd
 740 052e 6D0A0000 		.4byte	.LASF126
 741 0532 38       		.byte	0x38
 742 0533 06       		.byte	0x6
 743 0534 7502     		.2byte	0x275
 744 0536 F1050000 		.4byte	0x5f1
 745 053a 0E       		.uleb128 0xe
 746 053b 56040000 		.4byte	.LASF111
 747 053f 06       		.byte	0x6
 748 0540 7802     		.2byte	0x278
 749 0542 CA000000 		.4byte	0xca
 750 0546 00       		.byte	0
 751 0547 0E       		.uleb128 0xe
 752 0548 18060000 		.4byte	.LASF112
 753 054c 06       		.byte	0x6
 754 054d 7902     		.2byte	0x279
 755 054f CA000000 		.4byte	0xca
 756 0553 04       		.byte	0x4
 757 0554 0E       		.uleb128 0xe
 758 0555 69010000 		.4byte	.LASF113
 759 0559 06       		.byte	0x6
 760 055a 7B02     		.2byte	0x27b
 761 055c 07050000 		.4byte	0x507
 762 0560 08       		.byte	0x8
 763 0561 0E       		.uleb128 0xe
ARM GAS  C:\Users\15026\AppData\Local\Temp\ccsk9lBB.s 			page 17


 764 0562 8B080000 		.4byte	.LASF114
 765 0566 06       		.byte	0x6
 766 0567 7C02     		.2byte	0x27c
 767 0569 B8000000 		.4byte	0xb8
 768 056d 0C       		.byte	0xc
 769 056e 0E       		.uleb128 0xe
 770 056f FC040000 		.4byte	.LASF115
 771 0573 06       		.byte	0x6
 772 0574 7D02     		.2byte	0x27d
 773 0576 CA000000 		.4byte	0xca
 774 057a 10       		.byte	0x10
 775 057b 0E       		.uleb128 0xe
 776 057c 120A0000 		.4byte	.LASF116
 777 0580 06       		.byte	0x6
 778 0581 7E02     		.2byte	0x27e
 779 0583 CA000000 		.4byte	0xca
 780 0587 14       		.byte	0x14
 781 0588 0E       		.uleb128 0xe
 782 0589 3E090000 		.4byte	.LASF117
 783 058d 06       		.byte	0x6
 784 058e 8002     		.2byte	0x280
 785 0590 07050000 		.4byte	0x507
 786 0594 18       		.byte	0x18
 787 0595 0E       		.uleb128 0xe
 788 0596 1A000000 		.4byte	.LASF118
 789 059a 06       		.byte	0x6
 790 059b 8102     		.2byte	0x281
 791 059d B8000000 		.4byte	0xb8
 792 05a1 1C       		.byte	0x1c
 793 05a2 0E       		.uleb128 0xe
 794 05a3 5E030000 		.4byte	.LASF119
 795 05a7 06       		.byte	0x6
 796 05a8 8202     		.2byte	0x282
 797 05aa CA000000 		.4byte	0xca
 798 05ae 20       		.byte	0x20
 799 05af 0E       		.uleb128 0xe
 800 05b0 CA040000 		.4byte	.LASF120
 801 05b4 06       		.byte	0x6
 802 05b5 8402     		.2byte	0x284
 803 05b7 07050000 		.4byte	0x507
 804 05bb 24       		.byte	0x24
 805 05bc 0E       		.uleb128 0xe
 806 05bd 7C030000 		.4byte	.LASF121
 807 05c1 06       		.byte	0x6
 808 05c2 8502     		.2byte	0x285
 809 05c4 B8000000 		.4byte	0xb8
 810 05c8 28       		.byte	0x28
 811 05c9 0E       		.uleb128 0xe
 812 05ca 02020000 		.4byte	.LASF122
 813 05ce 06       		.byte	0x6
 814 05cf 8602     		.2byte	0x286
 815 05d1 CA000000 		.4byte	0xca
 816 05d5 2C       		.byte	0x2c
 817 05d6 0E       		.uleb128 0xe
 818 05d7 98040000 		.4byte	.LASF123
 819 05db 06       		.byte	0x6
 820 05dc 8B02     		.2byte	0x28b
ARM GAS  C:\Users\15026\AppData\Local\Temp\ccsk9lBB.s 			page 18


 821 05de 21050000 		.4byte	0x521
 822 05e2 30       		.byte	0x30
 823 05e3 0E       		.uleb128 0xe
 824 05e4 36090000 		.4byte	.LASF124
 825 05e8 06       		.byte	0x6
 826 05e9 8E02     		.2byte	0x28e
 827 05eb B8000000 		.4byte	0xb8
 828 05ef 34       		.byte	0x34
 829 05f0 00       		.byte	0
 830 05f1 0C       		.uleb128 0xc
 831 05f2 50090000 		.4byte	.LASF125
 832 05f6 06       		.byte	0x6
 833 05f7 9102     		.2byte	0x291
 834 05f9 2D050000 		.4byte	0x52d
 835 05fd 0F       		.uleb128 0xf
 836 05fe 59050000 		.4byte	.LASF127
 837 0602 4C       		.byte	0x4c
 838 0603 07       		.byte	0x7
 839 0604 2F       		.byte	0x2f
 840 0605 EE060000 		.4byte	0x6ee
 841 0609 07       		.uleb128 0x7
 842 060a 13010000 		.4byte	.LASF128
 843 060e 07       		.byte	0x7
 844 060f 31       		.byte	0x31
 845 0610 B8000000 		.4byte	0xb8
 846 0614 00       		.byte	0
 847 0615 07       		.uleb128 0x7
 848 0616 4A010000 		.4byte	.LASF129
 849 061a 07       		.byte	0x7
 850 061b 33       		.byte	0x33
 851 061c B8000000 		.4byte	0xb8
 852 0620 04       		.byte	0x4
 853 0621 07       		.uleb128 0x7
 854 0622 12000000 		.4byte	.LASF130
 855 0626 07       		.byte	0x7
 856 0627 34       		.byte	0x34
 857 0628 B8000000 		.4byte	0xb8
 858 062c 08       		.byte	0x8
 859 062d 07       		.uleb128 0x7
 860 062e EC000000 		.4byte	.LASF131
 861 0632 07       		.byte	0x7
 862 0633 35       		.byte	0x35
 863 0634 B8000000 		.4byte	0xb8
 864 0638 0C       		.byte	0xc
 865 0639 07       		.uleb128 0x7
 866 063a 30070000 		.4byte	.LASF132
 867 063e 07       		.byte	0x7
 868 063f 37       		.byte	0x37
 869 0640 B8000000 		.4byte	0xb8
 870 0644 10       		.byte	0x10
 871 0645 07       		.uleb128 0x7
 872 0646 0F080000 		.4byte	.LASF133
 873 064a 07       		.byte	0x7
 874 064b 38       		.byte	0x38
 875 064c B8000000 		.4byte	0xb8
 876 0650 14       		.byte	0x14
 877 0651 07       		.uleb128 0x7
ARM GAS  C:\Users\15026\AppData\Local\Temp\ccsk9lBB.s 			page 19


 878 0652 05090000 		.4byte	.LASF134
 879 0656 07       		.byte	0x7
 880 0657 39       		.byte	0x39
 881 0658 B8000000 		.4byte	0xb8
 882 065c 18       		.byte	0x18
 883 065d 07       		.uleb128 0x7
 884 065e 05040000 		.4byte	.LASF135
 885 0662 07       		.byte	0x7
 886 0663 3A       		.byte	0x3a
 887 0664 09050000 		.4byte	0x509
 888 0668 1C       		.byte	0x1c
 889 0669 07       		.uleb128 0x7
 890 066a 86030000 		.4byte	.LASF136
 891 066e 07       		.byte	0x7
 892 066f 3C       		.byte	0x3c
 893 0670 B8000000 		.4byte	0xb8
 894 0674 20       		.byte	0x20
 895 0675 07       		.uleb128 0x7
 896 0676 F7020000 		.4byte	.LASF137
 897 067a 07       		.byte	0x7
 898 067b 3D       		.byte	0x3d
 899 067c B8000000 		.4byte	0xb8
 900 0680 24       		.byte	0x24
 901 0681 07       		.uleb128 0x7
 902 0682 26010000 		.4byte	.LASF138
 903 0686 07       		.byte	0x7
 904 0687 3F       		.byte	0x3f
 905 0688 B8000000 		.4byte	0xb8
 906 068c 28       		.byte	0x28
 907 068d 07       		.uleb128 0x7
 908 068e 020A0000 		.4byte	.LASF139
 909 0692 07       		.byte	0x7
 910 0693 40       		.byte	0x40
 911 0694 B8000000 		.4byte	0xb8
 912 0698 2C       		.byte	0x2c
 913 0699 07       		.uleb128 0x7
 914 069a 99080000 		.4byte	.LASF140
 915 069e 07       		.byte	0x7
 916 069f 42       		.byte	0x42
 917 06a0 B8000000 		.4byte	0xb8
 918 06a4 30       		.byte	0x30
 919 06a5 07       		.uleb128 0x7
 920 06a6 D9080000 		.4byte	.LASF141
 921 06aa 07       		.byte	0x7
 922 06ab 43       		.byte	0x43
 923 06ac B8000000 		.4byte	0xb8
 924 06b0 34       		.byte	0x34
 925 06b1 07       		.uleb128 0x7
 926 06b2 20050000 		.4byte	.LASF142
 927 06b6 07       		.byte	0x7
 928 06b7 45       		.byte	0x45
 929 06b8 B8000000 		.4byte	0xb8
 930 06bc 38       		.byte	0x38
 931 06bd 07       		.uleb128 0x7
 932 06be FB000000 		.4byte	.LASF143
 933 06c2 07       		.byte	0x7
 934 06c3 46       		.byte	0x46
ARM GAS  C:\Users\15026\AppData\Local\Temp\ccsk9lBB.s 			page 20


 935 06c4 B8000000 		.4byte	0xb8
 936 06c8 3C       		.byte	0x3c
 937 06c9 07       		.uleb128 0x7
 938 06ca C1080000 		.4byte	.LASF144
 939 06ce 07       		.byte	0x7
 940 06cf 48       		.byte	0x48
 941 06d0 B8000000 		.4byte	0xb8
 942 06d4 40       		.byte	0x40
 943 06d5 07       		.uleb128 0x7
 944 06d6 360A0000 		.4byte	.LASF145
 945 06da 07       		.byte	0x7
 946 06db 49       		.byte	0x49
 947 06dc B8000000 		.4byte	0xb8
 948 06e0 44       		.byte	0x44
 949 06e1 07       		.uleb128 0x7
 950 06e2 29080000 		.4byte	.LASF146
 951 06e6 07       		.byte	0x7
 952 06e7 4B       		.byte	0x4b
 953 06e8 B8000000 		.4byte	0xb8
 954 06ec 48       		.byte	0x48
 955 06ed 00       		.byte	0
 956 06ee 03       		.uleb128 0x3
 957 06ef CF010000 		.4byte	.LASF147
 958 06f3 07       		.byte	0x7
 959 06f4 4C       		.byte	0x4c
 960 06f5 FD050000 		.4byte	0x5fd
 961 06f9 0F       		.uleb128 0xf
 962 06fa 55020000 		.4byte	.LASF148
 963 06fe 64       		.byte	0x64
 964 06ff 08       		.byte	0x8
 965 0700 2F       		.byte	0x2f
 966 0701 32080000 		.4byte	0x832
 967 0705 07       		.uleb128 0x7
 968 0706 54060000 		.4byte	.LASF149
 969 070a 08       		.byte	0x8
 970 070b 31       		.byte	0x31
 971 070c B8000000 		.4byte	0xb8
 972 0710 00       		.byte	0
 973 0711 07       		.uleb128 0x7
 974 0712 4A010000 		.4byte	.LASF129
 975 0716 08       		.byte	0x8
 976 0717 33       		.byte	0x33
 977 0718 B8000000 		.4byte	0xb8
 978 071c 04       		.byte	0x4
 979 071d 07       		.uleb128 0x7
 980 071e 9B000000 		.4byte	.LASF150
 981 0722 08       		.byte	0x8
 982 0723 34       		.byte	0x34
 983 0724 B8000000 		.4byte	0xb8
 984 0728 08       		.byte	0x8
 985 0729 07       		.uleb128 0x7
 986 072a ED040000 		.4byte	.LASF151
 987 072e 08       		.byte	0x8
 988 072f 35       		.byte	0x35
 989 0730 B8000000 		.4byte	0xb8
 990 0734 0C       		.byte	0xc
 991 0735 07       		.uleb128 0x7
ARM GAS  C:\Users\15026\AppData\Local\Temp\ccsk9lBB.s 			page 21


 992 0736 12000000 		.4byte	.LASF130
 993 073a 08       		.byte	0x8
 994 073b 36       		.byte	0x36
 995 073c B8000000 		.4byte	0xb8
 996 0740 10       		.byte	0x10
 997 0741 07       		.uleb128 0x7
 998 0742 F5080000 		.4byte	.LASF152
 999 0746 08       		.byte	0x8
 1000 0747 37       		.byte	0x37
 1001 0748 B8000000 		.4byte	0xb8
 1002 074c 14       		.byte	0x14
 1003 074d 07       		.uleb128 0x7
 1004 074e FD080000 		.4byte	.LASF153
 1005 0752 08       		.byte	0x8
 1006 0753 38       		.byte	0x38
 1007 0754 B8000000 		.4byte	0xb8
 1008 0758 18       		.byte	0x18
 1009 0759 07       		.uleb128 0x7
 1010 075a 1F070000 		.4byte	.LASF154
 1011 075e 08       		.byte	0x8
 1012 075f 39       		.byte	0x39
 1013 0760 09050000 		.4byte	0x509
 1014 0764 1C       		.byte	0x1c
 1015 0765 07       		.uleb128 0x7
 1016 0766 0F080000 		.4byte	.LASF133
 1017 076a 08       		.byte	0x8
 1018 076b 3A       		.byte	0x3a
 1019 076c B8000000 		.4byte	0xb8
 1020 0770 20       		.byte	0x20
 1021 0771 07       		.uleb128 0x7
 1022 0772 05090000 		.4byte	.LASF134
 1023 0776 08       		.byte	0x8
 1024 0777 3B       		.byte	0x3b
 1025 0778 B8000000 		.4byte	0xb8
 1026 077c 24       		.byte	0x24
 1027 077d 07       		.uleb128 0x7
 1028 077e 05040000 		.4byte	.LASF135
 1029 0782 08       		.byte	0x8
 1030 0783 3C       		.byte	0x3c
 1031 0784 09050000 		.4byte	0x509
 1032 0788 28       		.byte	0x28
 1033 0789 07       		.uleb128 0x7
 1034 078a 86030000 		.4byte	.LASF136
 1035 078e 08       		.byte	0x8
 1036 078f 3E       		.byte	0x3e
 1037 0790 B8000000 		.4byte	0xb8
 1038 0794 2C       		.byte	0x2c
 1039 0795 07       		.uleb128 0x7
 1040 0796 E0040000 		.4byte	.LASF155
 1041 079a 08       		.byte	0x8
 1042 079b 3F       		.byte	0x3f
 1043 079c B8000000 		.4byte	0xb8
 1044 07a0 30       		.byte	0x30
 1045 07a1 07       		.uleb128 0x7
 1046 07a2 7F090000 		.4byte	.LASF156
 1047 07a6 08       		.byte	0x8
 1048 07a7 40       		.byte	0x40
ARM GAS  C:\Users\15026\AppData\Local\Temp\ccsk9lBB.s 			page 22


 1049 07a8 B8000000 		.4byte	0xb8
 1050 07ac 34       		.byte	0x34
 1051 07ad 07       		.uleb128 0x7
 1052 07ae 9F060000 		.4byte	.LASF157
 1053 07b2 08       		.byte	0x8
 1054 07b3 41       		.byte	0x41
 1055 07b4 B8000000 		.4byte	0xb8
 1056 07b8 38       		.byte	0x38
 1057 07b9 07       		.uleb128 0x7
 1058 07ba 5F040000 		.4byte	.LASF158
 1059 07be 08       		.byte	0x8
 1060 07bf 42       		.byte	0x42
 1061 07c0 B8000000 		.4byte	0xb8
 1062 07c4 3C       		.byte	0x3c
 1063 07c5 07       		.uleb128 0x7
 1064 07c6 89010000 		.4byte	.LASF159
 1065 07ca 08       		.byte	0x8
 1066 07cb 44       		.byte	0x44
 1067 07cc B8000000 		.4byte	0xb8
 1068 07d0 40       		.byte	0x40
 1069 07d1 07       		.uleb128 0x7
 1070 07d2 020A0000 		.4byte	.LASF139
 1071 07d6 08       		.byte	0x8
 1072 07d7 45       		.byte	0x45
 1073 07d8 B8000000 		.4byte	0xb8
 1074 07dc 44       		.byte	0x44
 1075 07dd 07       		.uleb128 0x7
 1076 07de 99080000 		.4byte	.LASF140
 1077 07e2 08       		.byte	0x8
 1078 07e3 47       		.byte	0x47
 1079 07e4 B8000000 		.4byte	0xb8
 1080 07e8 48       		.byte	0x48
 1081 07e9 07       		.uleb128 0x7
 1082 07ea D9080000 		.4byte	.LASF141
 1083 07ee 08       		.byte	0x8
 1084 07ef 48       		.byte	0x48
 1085 07f0 B8000000 		.4byte	0xb8
 1086 07f4 4C       		.byte	0x4c
 1087 07f5 07       		.uleb128 0x7
 1088 07f6 20050000 		.4byte	.LASF142
 1089 07fa 08       		.byte	0x8
 1090 07fb 4A       		.byte	0x4a
 1091 07fc B8000000 		.4byte	0xb8
 1092 0800 50       		.byte	0x50
 1093 0801 07       		.uleb128 0x7
 1094 0802 8A040000 		.4byte	.LASF160
 1095 0806 08       		.byte	0x8
 1096 0807 4B       		.byte	0x4b
 1097 0808 B8000000 		.4byte	0xb8
 1098 080c 54       		.byte	0x54
 1099 080d 07       		.uleb128 0x7
 1100 080e 4B000000 		.4byte	.LASF161
 1101 0812 08       		.byte	0x8
 1102 0813 4D       		.byte	0x4d
 1103 0814 B8000000 		.4byte	0xb8
 1104 0818 58       		.byte	0x58
 1105 0819 07       		.uleb128 0x7
ARM GAS  C:\Users\15026\AppData\Local\Temp\ccsk9lBB.s 			page 23


 1106 081a 360A0000 		.4byte	.LASF145
 1107 081e 08       		.byte	0x8
 1108 081f 4E       		.byte	0x4e
 1109 0820 B8000000 		.4byte	0xb8
 1110 0824 5C       		.byte	0x5c
 1111 0825 07       		.uleb128 0x7
 1112 0826 29080000 		.4byte	.LASF146
 1113 082a 08       		.byte	0x8
 1114 082b 50       		.byte	0x50
 1115 082c B8000000 		.4byte	0xb8
 1116 0830 60       		.byte	0x60
 1117 0831 00       		.byte	0
 1118 0832 03       		.uleb128 0x3
 1119 0833 E8090000 		.4byte	.LASF162
 1120 0837 08       		.byte	0x8
 1121 0838 51       		.byte	0x51
 1122 0839 F9060000 		.4byte	0x6f9
 1123 083d 10       		.uleb128 0x10
 1124 083e 47060000 		.4byte	.LASF173
 1125 0842 02       		.byte	0x2
 1126 0843 81       		.byte	0x81
 1127 0844 03       		.byte	0x3
 1128 0845 11       		.uleb128 0x11
 1129 0846 F2020000 		.4byte	.LASF174
 1130 084a 01       		.byte	0x1
 1131 084b 0E       		.byte	0xe
 1132 084c 89000000 		.4byte	0x89
 1133 0850 00000000 		.4byte	.LFB609
 1134 0854 10000000 		.4byte	.LFE609-.LFB609
 1135 0858 01       		.uleb128 0x1
 1136 0859 9C       		.byte	0x9c
 1137 085a 81080000 		.4byte	0x881
 1138 085e 12       		.uleb128 0x12
 1139 085f 3D080000 		.4byte	0x83d
 1140 0863 02000000 		.4byte	.LBB4
 1141 0867 02000000 		.4byte	.LBE4-.LBB4
 1142 086b 01       		.byte	0x1
 1143 086c 10       		.byte	0x10
 1144 086d 13       		.uleb128 0x13
 1145 086e 0A000000 		.4byte	.LVL0
 1146 0872 E3080000 		.4byte	0x8e3
 1147 0876 14       		.uleb128 0x14
 1148 0877 01       		.uleb128 0x1
 1149 0878 50       		.byte	0x50
 1150 0879 05       		.uleb128 0x5
 1151 087a 0C       		.byte	0xc
 1152 087b 00000810 		.4byte	0x10080000
 1153 087f 00       		.byte	0
 1154 0880 00       		.byte	0
 1155 0881 15       		.uleb128 0x15
 1156 0882 73060000 		.4byte	.LASF163
 1157 0886 05       		.byte	0x5
 1158 0887 A7       		.byte	0xa7
 1159 0888 8C080000 		.4byte	0x88c
 1160 088c 09       		.uleb128 0x9
 1161 088d 04       		.byte	0x4
 1162 088e 92080000 		.4byte	0x892
ARM GAS  C:\Users\15026\AppData\Local\Temp\ccsk9lBB.s 			page 24


 1163 0892 16       		.uleb128 0x16
 1164 0893 E7040000 		.4byte	0x4e7
 1165 0897 15       		.uleb128 0x15
 1166 0898 C4060000 		.4byte	.LASF164
 1167 089c 09       		.byte	0x9
 1168 089d 1F       		.byte	0x1f
 1169 089e A2080000 		.4byte	0x8a2
 1170 08a2 16       		.uleb128 0x16
 1171 08a3 EE060000 		.4byte	0x6ee
 1172 08a7 15       		.uleb128 0x15
 1173 08a8 9D090000 		.4byte	.LASF165
 1174 08ac 0A       		.byte	0xa
 1175 08ad 1F       		.byte	0x1f
 1176 08ae B2080000 		.4byte	0x8b2
 1177 08b2 16       		.uleb128 0x16
 1178 08b3 32080000 		.4byte	0x832
 1179 08b7 15       		.uleb128 0x15
 1180 08b8 8D020000 		.4byte	.LASF166
 1181 08bc 0B       		.byte	0xb
 1182 08bd 1F       		.byte	0x1f
 1183 08be B2080000 		.4byte	0x8b2
 1184 08c2 15       		.uleb128 0x15
 1185 08c3 BE050000 		.4byte	.LASF167
 1186 08c7 0C       		.byte	0xc
 1187 08c8 1F       		.byte	0x1f
 1188 08c9 B2080000 		.4byte	0x8b2
 1189 08cd 15       		.uleb128 0x15
 1190 08ce BD020000 		.4byte	.LASF168
 1191 08d2 0D       		.byte	0xd
 1192 08d3 87       		.byte	0x87
 1193 08d4 F1050000 		.4byte	0x5f1
 1194 08d8 15       		.uleb128 0x15
 1195 08d9 AE0A0000 		.4byte	.LASF169
 1196 08dd 0E       		.byte	0xe
 1197 08de 87       		.byte	0x87
 1198 08df F1050000 		.4byte	0x5f1
 1199 08e3 17       		.uleb128 0x17
 1200 08e4 AE040000 		.4byte	.LASF175
 1201 08e8 AE040000 		.4byte	.LASF175
 1202 08ec 0F       		.byte	0xf
 1203 08ed 2502     		.2byte	0x225
 1204 08ef 00       		.byte	0
 1205              		.section	.debug_abbrev,"",%progbits
 1206              	.Ldebug_abbrev0:
 1207 0000 01       		.uleb128 0x1
 1208 0001 11       		.uleb128 0x11
 1209 0002 01       		.byte	0x1
 1210 0003 25       		.uleb128 0x25
 1211 0004 0E       		.uleb128 0xe
 1212 0005 13       		.uleb128 0x13
 1213 0006 0B       		.uleb128 0xb
 1214 0007 03       		.uleb128 0x3
 1215 0008 0E       		.uleb128 0xe
 1216 0009 1B       		.uleb128 0x1b
 1217 000a 0E       		.uleb128 0xe
 1218 000b 55       		.uleb128 0x55
 1219 000c 17       		.uleb128 0x17
ARM GAS  C:\Users\15026\AppData\Local\Temp\ccsk9lBB.s 			page 25


 1220 000d 11       		.uleb128 0x11
 1221 000e 01       		.uleb128 0x1
 1222 000f 10       		.uleb128 0x10
 1223 0010 17       		.uleb128 0x17
 1224 0011 00       		.byte	0
 1225 0012 00       		.byte	0
 1226 0013 02       		.uleb128 0x2
 1227 0014 24       		.uleb128 0x24
 1228 0015 00       		.byte	0
 1229 0016 0B       		.uleb128 0xb
 1230 0017 0B       		.uleb128 0xb
 1231 0018 3E       		.uleb128 0x3e
 1232 0019 0B       		.uleb128 0xb
 1233 001a 03       		.uleb128 0x3
 1234 001b 0E       		.uleb128 0xe
 1235 001c 00       		.byte	0
 1236 001d 00       		.byte	0
 1237 001e 03       		.uleb128 0x3
 1238 001f 16       		.uleb128 0x16
 1239 0020 00       		.byte	0
 1240 0021 03       		.uleb128 0x3
 1241 0022 0E       		.uleb128 0xe
 1242 0023 3A       		.uleb128 0x3a
 1243 0024 0B       		.uleb128 0xb
 1244 0025 3B       		.uleb128 0x3b
 1245 0026 0B       		.uleb128 0xb
 1246 0027 49       		.uleb128 0x49
 1247 0028 13       		.uleb128 0x13
 1248 0029 00       		.byte	0
 1249 002a 00       		.byte	0
 1250 002b 04       		.uleb128 0x4
 1251 002c 24       		.uleb128 0x24
 1252 002d 00       		.byte	0
 1253 002e 0B       		.uleb128 0xb
 1254 002f 0B       		.uleb128 0xb
 1255 0030 3E       		.uleb128 0x3e
 1256 0031 0B       		.uleb128 0xb
 1257 0032 03       		.uleb128 0x3
 1258 0033 08       		.uleb128 0x8
 1259 0034 00       		.byte	0
 1260 0035 00       		.byte	0
 1261 0036 05       		.uleb128 0x5
 1262 0037 35       		.uleb128 0x35
 1263 0038 00       		.byte	0
 1264 0039 49       		.uleb128 0x49
 1265 003a 13       		.uleb128 0x13
 1266 003b 00       		.byte	0
 1267 003c 00       		.byte	0
 1268 003d 06       		.uleb128 0x6
 1269 003e 13       		.uleb128 0x13
 1270 003f 01       		.byte	0x1
 1271 0040 0B       		.uleb128 0xb
 1272 0041 0B       		.uleb128 0xb
 1273 0042 3A       		.uleb128 0x3a
 1274 0043 0B       		.uleb128 0xb
 1275 0044 3B       		.uleb128 0x3b
 1276 0045 0B       		.uleb128 0xb
ARM GAS  C:\Users\15026\AppData\Local\Temp\ccsk9lBB.s 			page 26


 1277 0046 01       		.uleb128 0x1
 1278 0047 13       		.uleb128 0x13
 1279 0048 00       		.byte	0
 1280 0049 00       		.byte	0
 1281 004a 07       		.uleb128 0x7
 1282 004b 0D       		.uleb128 0xd
 1283 004c 00       		.byte	0
 1284 004d 03       		.uleb128 0x3
 1285 004e 0E       		.uleb128 0xe
 1286 004f 3A       		.uleb128 0x3a
 1287 0050 0B       		.uleb128 0xb
 1288 0051 3B       		.uleb128 0x3b
 1289 0052 0B       		.uleb128 0xb
 1290 0053 49       		.uleb128 0x49
 1291 0054 13       		.uleb128 0x13
 1292 0055 38       		.uleb128 0x38
 1293 0056 0B       		.uleb128 0xb
 1294 0057 00       		.byte	0
 1295 0058 00       		.byte	0
 1296 0059 08       		.uleb128 0x8
 1297 005a 0F       		.uleb128 0xf
 1298 005b 00       		.byte	0
 1299 005c 0B       		.uleb128 0xb
 1300 005d 0B       		.uleb128 0xb
 1301 005e 00       		.byte	0
 1302 005f 00       		.byte	0
 1303 0060 09       		.uleb128 0x9
 1304 0061 0F       		.uleb128 0xf
 1305 0062 00       		.byte	0
 1306 0063 0B       		.uleb128 0xb
 1307 0064 0B       		.uleb128 0xb
 1308 0065 49       		.uleb128 0x49
 1309 0066 13       		.uleb128 0x13
 1310 0067 00       		.byte	0
 1311 0068 00       		.byte	0
 1312 0069 0A       		.uleb128 0xa
 1313 006a 15       		.uleb128 0x15
 1314 006b 01       		.byte	0x1
 1315 006c 27       		.uleb128 0x27
 1316 006d 19       		.uleb128 0x19
 1317 006e 01       		.uleb128 0x1
 1318 006f 13       		.uleb128 0x13
 1319 0070 00       		.byte	0
 1320 0071 00       		.byte	0
 1321 0072 0B       		.uleb128 0xb
 1322 0073 05       		.uleb128 0x5
 1323 0074 00       		.byte	0
 1324 0075 49       		.uleb128 0x49
 1325 0076 13       		.uleb128 0x13
 1326 0077 00       		.byte	0
 1327 0078 00       		.byte	0
 1328 0079 0C       		.uleb128 0xc
 1329 007a 16       		.uleb128 0x16
 1330 007b 00       		.byte	0
 1331 007c 03       		.uleb128 0x3
 1332 007d 0E       		.uleb128 0xe
 1333 007e 3A       		.uleb128 0x3a
ARM GAS  C:\Users\15026\AppData\Local\Temp\ccsk9lBB.s 			page 27


 1334 007f 0B       		.uleb128 0xb
 1335 0080 3B       		.uleb128 0x3b
 1336 0081 05       		.uleb128 0x5
 1337 0082 49       		.uleb128 0x49
 1338 0083 13       		.uleb128 0x13
 1339 0084 00       		.byte	0
 1340 0085 00       		.byte	0
 1341 0086 0D       		.uleb128 0xd
 1342 0087 13       		.uleb128 0x13
 1343 0088 01       		.byte	0x1
 1344 0089 03       		.uleb128 0x3
 1345 008a 0E       		.uleb128 0xe
 1346 008b 0B       		.uleb128 0xb
 1347 008c 0B       		.uleb128 0xb
 1348 008d 3A       		.uleb128 0x3a
 1349 008e 0B       		.uleb128 0xb
 1350 008f 3B       		.uleb128 0x3b
 1351 0090 05       		.uleb128 0x5
 1352 0091 01       		.uleb128 0x1
 1353 0092 13       		.uleb128 0x13
 1354 0093 00       		.byte	0
 1355 0094 00       		.byte	0
 1356 0095 0E       		.uleb128 0xe
 1357 0096 0D       		.uleb128 0xd
 1358 0097 00       		.byte	0
 1359 0098 03       		.uleb128 0x3
 1360 0099 0E       		.uleb128 0xe
 1361 009a 3A       		.uleb128 0x3a
 1362 009b 0B       		.uleb128 0xb
 1363 009c 3B       		.uleb128 0x3b
 1364 009d 05       		.uleb128 0x5
 1365 009e 49       		.uleb128 0x49
 1366 009f 13       		.uleb128 0x13
 1367 00a0 38       		.uleb128 0x38
 1368 00a1 0B       		.uleb128 0xb
 1369 00a2 00       		.byte	0
 1370 00a3 00       		.byte	0
 1371 00a4 0F       		.uleb128 0xf
 1372 00a5 13       		.uleb128 0x13
 1373 00a6 01       		.byte	0x1
 1374 00a7 03       		.uleb128 0x3
 1375 00a8 0E       		.uleb128 0xe
 1376 00a9 0B       		.uleb128 0xb
 1377 00aa 0B       		.uleb128 0xb
 1378 00ab 3A       		.uleb128 0x3a
 1379 00ac 0B       		.uleb128 0xb
 1380 00ad 3B       		.uleb128 0x3b
 1381 00ae 0B       		.uleb128 0xb
 1382 00af 01       		.uleb128 0x1
 1383 00b0 13       		.uleb128 0x13
 1384 00b1 00       		.byte	0
 1385 00b2 00       		.byte	0
 1386 00b3 10       		.uleb128 0x10
 1387 00b4 2E       		.uleb128 0x2e
 1388 00b5 00       		.byte	0
 1389 00b6 03       		.uleb128 0x3
 1390 00b7 0E       		.uleb128 0xe
ARM GAS  C:\Users\15026\AppData\Local\Temp\ccsk9lBB.s 			page 28


 1391 00b8 3A       		.uleb128 0x3a
 1392 00b9 0B       		.uleb128 0xb
 1393 00ba 3B       		.uleb128 0x3b
 1394 00bb 0B       		.uleb128 0xb
 1395 00bc 27       		.uleb128 0x27
 1396 00bd 19       		.uleb128 0x19
 1397 00be 20       		.uleb128 0x20
 1398 00bf 0B       		.uleb128 0xb
 1399 00c0 00       		.byte	0
 1400 00c1 00       		.byte	0
 1401 00c2 11       		.uleb128 0x11
 1402 00c3 2E       		.uleb128 0x2e
 1403 00c4 01       		.byte	0x1
 1404 00c5 3F       		.uleb128 0x3f
 1405 00c6 19       		.uleb128 0x19
 1406 00c7 03       		.uleb128 0x3
 1407 00c8 0E       		.uleb128 0xe
 1408 00c9 3A       		.uleb128 0x3a
 1409 00ca 0B       		.uleb128 0xb
 1410 00cb 3B       		.uleb128 0x3b
 1411 00cc 0B       		.uleb128 0xb
 1412 00cd 27       		.uleb128 0x27
 1413 00ce 19       		.uleb128 0x19
 1414 00cf 49       		.uleb128 0x49
 1415 00d0 13       		.uleb128 0x13
 1416 00d1 8701     		.uleb128 0x87
 1417 00d3 19       		.uleb128 0x19
 1418 00d4 11       		.uleb128 0x11
 1419 00d5 01       		.uleb128 0x1
 1420 00d6 12       		.uleb128 0x12
 1421 00d7 06       		.uleb128 0x6
 1422 00d8 40       		.uleb128 0x40
 1423 00d9 18       		.uleb128 0x18
 1424 00da 9742     		.uleb128 0x2117
 1425 00dc 19       		.uleb128 0x19
 1426 00dd 01       		.uleb128 0x1
 1427 00de 13       		.uleb128 0x13
 1428 00df 00       		.byte	0
 1429 00e0 00       		.byte	0
 1430 00e1 12       		.uleb128 0x12
 1431 00e2 1D       		.uleb128 0x1d
 1432 00e3 00       		.byte	0
 1433 00e4 31       		.uleb128 0x31
 1434 00e5 13       		.uleb128 0x13
 1435 00e6 11       		.uleb128 0x11
 1436 00e7 01       		.uleb128 0x1
 1437 00e8 12       		.uleb128 0x12
 1438 00e9 06       		.uleb128 0x6
 1439 00ea 58       		.uleb128 0x58
 1440 00eb 0B       		.uleb128 0xb
 1441 00ec 59       		.uleb128 0x59
 1442 00ed 0B       		.uleb128 0xb
 1443 00ee 00       		.byte	0
 1444 00ef 00       		.byte	0
 1445 00f0 13       		.uleb128 0x13
 1446 00f1 898201   		.uleb128 0x4109
 1447 00f4 01       		.byte	0x1
ARM GAS  C:\Users\15026\AppData\Local\Temp\ccsk9lBB.s 			page 29


 1448 00f5 11       		.uleb128 0x11
 1449 00f6 01       		.uleb128 0x1
 1450 00f7 31       		.uleb128 0x31
 1451 00f8 13       		.uleb128 0x13
 1452 00f9 00       		.byte	0
 1453 00fa 00       		.byte	0
 1454 00fb 14       		.uleb128 0x14
 1455 00fc 8A8201   		.uleb128 0x410a
 1456 00ff 00       		.byte	0
 1457 0100 02       		.uleb128 0x2
 1458 0101 18       		.uleb128 0x18
 1459 0102 9142     		.uleb128 0x2111
 1460 0104 18       		.uleb128 0x18
 1461 0105 00       		.byte	0
 1462 0106 00       		.byte	0
 1463 0107 15       		.uleb128 0x15
 1464 0108 34       		.uleb128 0x34
 1465 0109 00       		.byte	0
 1466 010a 03       		.uleb128 0x3
 1467 010b 0E       		.uleb128 0xe
 1468 010c 3A       		.uleb128 0x3a
 1469 010d 0B       		.uleb128 0xb
 1470 010e 3B       		.uleb128 0x3b
 1471 010f 0B       		.uleb128 0xb
 1472 0110 49       		.uleb128 0x49
 1473 0111 13       		.uleb128 0x13
 1474 0112 3F       		.uleb128 0x3f
 1475 0113 19       		.uleb128 0x19
 1476 0114 3C       		.uleb128 0x3c
 1477 0115 19       		.uleb128 0x19
 1478 0116 00       		.byte	0
 1479 0117 00       		.byte	0
 1480 0118 16       		.uleb128 0x16
 1481 0119 26       		.uleb128 0x26
 1482 011a 00       		.byte	0
 1483 011b 49       		.uleb128 0x49
 1484 011c 13       		.uleb128 0x13
 1485 011d 00       		.byte	0
 1486 011e 00       		.byte	0
 1487 011f 17       		.uleb128 0x17
 1488 0120 2E       		.uleb128 0x2e
 1489 0121 00       		.byte	0
 1490 0122 3F       		.uleb128 0x3f
 1491 0123 19       		.uleb128 0x19
 1492 0124 3C       		.uleb128 0x3c
 1493 0125 19       		.uleb128 0x19
 1494 0126 6E       		.uleb128 0x6e
 1495 0127 0E       		.uleb128 0xe
 1496 0128 03       		.uleb128 0x3
 1497 0129 0E       		.uleb128 0xe
 1498 012a 3A       		.uleb128 0x3a
 1499 012b 0B       		.uleb128 0xb
 1500 012c 3B       		.uleb128 0x3b
 1501 012d 05       		.uleb128 0x5
 1502 012e 00       		.byte	0
 1503 012f 00       		.byte	0
 1504 0130 00       		.byte	0
ARM GAS  C:\Users\15026\AppData\Local\Temp\ccsk9lBB.s 			page 30


 1505              		.section	.debug_aranges,"",%progbits
 1506 0000 1C000000 		.4byte	0x1c
 1507 0004 0200     		.2byte	0x2
 1508 0006 00000000 		.4byte	.Ldebug_info0
 1509 000a 04       		.byte	0x4
 1510 000b 00       		.byte	0
 1511 000c 0000     		.2byte	0
 1512 000e 0000     		.2byte	0
 1513 0010 00000000 		.4byte	.LFB609
 1514 0014 10000000 		.4byte	.LFE609-.LFB609
 1515 0018 00000000 		.4byte	0
 1516 001c 00000000 		.4byte	0
 1517              		.section	.debug_ranges,"",%progbits
 1518              	.Ldebug_ranges0:
 1519 0000 00000000 		.4byte	.LFB609
 1520 0004 10000000 		.4byte	.LFE609
 1521 0008 00000000 		.4byte	0
 1522 000c 00000000 		.4byte	0
 1523              		.section	.debug_line,"",%progbits
 1524              	.Ldebug_line0:
 1525 0000 FA020000 		.section	.debug_str,"MS",%progbits,1
 1525      0200D902 
 1525      00000201 
 1525      FB0E0D00 
 1525      01010101 
 1526              	.LASF54:
 1527 0000 70726F74 		.ascii	"protBusMasterMask\000"
 1527      4275734D 
 1527      61737465 
 1527      724D6173 
 1527      6B00
 1528              	.LASF130:
 1529 0012 72756E4D 		.ascii	"runMode\000"
 1529      6F646500 
 1530              	.LASF118:
 1531 001a 72784275 		.ascii	"rxBufSize\000"
 1531      6653697A 
 1531      6500
 1532              	.LASF64:
 1533 0024 666C6173 		.ascii	"flashCtlMainWs3Freq\000"
 1533      6843746C 
 1533      4D61696E 
 1533      57733346 
 1533      72657100 
 1534              	.LASF86:
 1535 0038 6770696F 		.ascii	"gpioPrtCfgInOffset\000"
 1535      50727443 
 1535      6667496E 
 1535      4F666673 
 1535      657400
 1536              	.LASF161:
 1537 004b 6B696C6C 		.ascii	"killInput\000"
 1537      496E7075 
 1537      7400
 1538              	.LASF104:
 1539 0055 6970634C 		.ascii	"ipcLockStatusOffset\000"
 1539      6F636B53 
ARM GAS  C:\Users\15026\AppData\Local\Temp\ccsk9lBB.s 			page 31


 1539      74617475 
 1539      734F6666 
 1539      73657400 
 1540              	.LASF30:
 1541 0069 63727970 		.ascii	"cryptoVersion\000"
 1541      746F5665 
 1541      7273696F 
 1541      6E00
 1542              	.LASF68:
 1543 0077 64774368 		.ascii	"dwChCtlPrioPos\000"
 1543      43746C50 
 1543      72696F50 
 1543      6F7300
 1544              	.LASF26:
 1545 0086 70617373 		.ascii	"passBase\000"
 1545      42617365 
 1545      00
 1546              	.LASF171:
 1547 008f 6D61696E 		.ascii	"main_cm0p.c\000"
 1547      5F636D30 
 1547      702E6300 
 1548              	.LASF150:
 1549 009b 70776D41 		.ascii	"pwmAlignment\000"
 1549      6C69676E 
 1549      6D656E74 
 1549      00
 1550              	.LASF39:
 1551 00a8 63707573 		.ascii	"cpussIpcIrqNr\000"
 1551      73497063 
 1551      4972714E 
 1551      7200
 1552              	.LASF3:
 1553 00b6 5F5F7569 		.ascii	"__uint8_t\000"
 1553      6E74385F 
 1553      7400
 1554              	.LASF83:
 1555 00c0 70657269 		.ascii	"periDiv24_5CtlOffset\000"
 1555      44697632 
 1555      345F3543 
 1555      746C4F66 
 1555      66736574 
 1556              	.LASF90:
 1557 00d5 63707573 		.ascii	"cpussCm4ClockCtlOffset\000"
 1557      73436D34 
 1557      436C6F63 
 1557      6B43746C 
 1557      4F666673 
 1558              	.LASF131:
 1559 00ec 636F756E 		.ascii	"countDirection\000"
 1559      74446972 
 1559      65637469 
 1559      6F6E00
 1560              	.LASF143:
 1561 00fb 73746F70 		.ascii	"stopInputMode\000"
 1561      496E7075 
 1561      744D6F64 
 1561      6500
ARM GAS  C:\Users\15026\AppData\Local\Temp\ccsk9lBB.s 			page 32


 1562              	.LASF19:
 1563 0109 63707573 		.ascii	"cpussBase\000"
 1563      73426173 
 1563      6500
 1564              	.LASF128:
 1565 0113 70657269 		.ascii	"period\000"
 1565      6F6400
 1566              	.LASF48:
 1567 011a 70657269 		.ascii	"periClockNr\000"
 1567      436C6F63 
 1567      6B4E7200 
 1568              	.LASF138:
 1569 0126 63617074 		.ascii	"captureInput\000"
 1569      75726549 
 1569      6E707574 
 1569      00
 1570              	.LASF11:
 1571 0133 6C6F6E67 		.ascii	"long long unsigned int\000"
 1571      206C6F6E 
 1571      6720756E 
 1571      7369676E 
 1571      65642069 
 1572              	.LASF129:
 1573 014a 636C6F63 		.ascii	"clockPrescaler\000"
 1573      6B507265 
 1573      7363616C 
 1573      657200
 1574              	.LASF72:
 1575 0159 70657269 		.ascii	"periTrCmdOffset\000"
 1575      5472436D 
 1575      644F6666 
 1575      73657400 
 1576              	.LASF113:
 1577 0169 72785269 		.ascii	"rxRingBuf\000"
 1577      6E674275 
 1577      6600
 1578              	.LASF96:
 1579 0173 63707573 		.ascii	"cpussSysTickCtlOffset\000"
 1579      73537973 
 1579      5469636B 
 1579      43746C4F 
 1579      66667365 
 1580              	.LASF159:
 1581 0189 73776170 		.ascii	"swapInput\000"
 1581      496E7075 
 1581      7400
 1582              	.LASF57:
 1583 0193 666C6173 		.ascii	"flashPipeRequired\000"
 1583      68506970 
 1583      65526571 
 1583      75697265 
 1583      6400
 1584              	.LASF61:
 1585 01a5 666C6173 		.ascii	"flashCtlMainWs0Freq\000"
 1585      6843746C 
 1585      4D61696E 
 1585      57733046 
ARM GAS  C:\Users\15026\AppData\Local\Temp\ccsk9lBB.s 			page 33


 1585      72657100 
 1586              	.LASF14:
 1587 01b9 696E7431 		.ascii	"int16_t\000"
 1587      365F7400 
 1588              	.LASF10:
 1589 01c1 6C6F6E67 		.ascii	"long long int\000"
 1589      206C6F6E 
 1589      6720696E 
 1589      7400
 1590              	.LASF147:
 1591 01cf 63795F73 		.ascii	"cy_stc_tcpwm_counter_config_t\000"
 1591      74635F74 
 1591      6370776D 
 1591      5F636F75 
 1591      6E746572 
 1592              	.LASF77:
 1593 01ed 70657269 		.ascii	"periDivCmdTypeSelPos\000"
 1593      44697643 
 1593      6D645479 
 1593      70655365 
 1593      6C506F73 
 1594              	.LASF122:
 1595 0202 74784C65 		.ascii	"txLeftToTransmit\000"
 1595      6674546F 
 1595      5472616E 
 1595      736D6974 
 1595      00
 1596              	.LASF23:
 1597 0213 70726F74 		.ascii	"protBase\000"
 1597      42617365 
 1597      00
 1598              	.LASF35:
 1599 021c 69706356 		.ascii	"ipcVersion\000"
 1599      65727369 
 1599      6F6E00
 1600              	.LASF97:
 1601 0227 63707573 		.ascii	"cpussCm0NmiCtlOffset\000"
 1601      73436D30 
 1601      4E6D6943 
 1601      746C4F66 
 1601      66736574 
 1602              	.LASF45:
 1603 023c 73727373 		.ascii	"srssNumClkpath\000"
 1603      4E756D43 
 1603      6C6B7061 
 1603      746800
 1604              	.LASF24:
 1605 024b 6873696F 		.ascii	"hsiomBase\000"
 1605      6D426173 
 1605      6500
 1606              	.LASF148:
 1607 0255 63795F73 		.ascii	"cy_stc_tcpwm_pwm_config\000"
 1607      74635F74 
 1607      6370776D 
 1607      5F70776D 
 1607      5F636F6E 
 1608              	.LASF7:
ARM GAS  C:\Users\15026\AppData\Local\Temp\ccsk9lBB.s 			page 34


 1609 026d 6C6F6E67 		.ascii	"long int\000"
 1609      20696E74 
 1609      00
 1610              	.LASF55:
 1611 0276 63727970 		.ascii	"cryptoMemSize\000"
 1611      746F4D65 
 1611      6D53697A 
 1611      6500
 1612              	.LASF21:
 1613 0284 70657269 		.ascii	"periBase\000"
 1613      42617365 
 1613      00
 1614              	.LASF166:
 1615 028d 53657276 		.ascii	"ServoControl_config\000"
 1615      6F436F6E 
 1615      74726F6C 
 1615      5F636F6E 
 1615      66696700 
 1616              	.LASF53:
 1617 02a1 73797350 		.ascii	"sysPmSimoPresent\000"
 1617      6D53696D 
 1617      6F507265 
 1617      73656E74 
 1617      00
 1618              	.LASF43:
 1619 02b2 63707573 		.ascii	"cpussFmIrq\000"
 1619      73466D49 
 1619      727100
 1620              	.LASF168:
 1621 02bd 45787465 		.ascii	"ExternalUart_context\000"
 1621      726E616C 
 1621      55617274 
 1621      5F636F6E 
 1621      74657874 
 1622              	.LASF82:
 1623 02d2 70657269 		.ascii	"periDiv16_5CtlOffset\000"
 1623      44697631 
 1623      365F3543 
 1623      746C4F66 
 1623      66736574 
 1624              	.LASF46:
 1625 02e7 73727373 		.ascii	"srssNumPll\000"
 1625      4E756D50 
 1625      6C6C00
 1626              	.LASF174:
 1627 02f2 6D61696E 		.ascii	"main\000"
 1627      00
 1628              	.LASF137:
 1629 02f7 63617074 		.ascii	"captureInputMode\000"
 1629      75726549 
 1629      6E707574 
 1629      4D6F6465 
 1629      00
 1630              	.LASF80:
 1631 0308 70657269 		.ascii	"periDiv8CtlOffset\000"
 1631      44697638 
 1631      43746C4F 
ARM GAS  C:\Users\15026\AppData\Local\Temp\ccsk9lBB.s 			page 35


 1631      66667365 
 1631      7400
 1632              	.LASF87:
 1633 031a 6770696F 		.ascii	"gpioPrtCfgOutOffset\000"
 1633      50727443 
 1633      66674F75 
 1633      744F6666 
 1633      73657400 
 1634              	.LASF20:
 1635 032e 666C6173 		.ascii	"flashcBase\000"
 1635      68634261 
 1635      736500
 1636              	.LASF8:
 1637 0339 5F5F7569 		.ascii	"__uint32_t\000"
 1637      6E743332 
 1637      5F7400
 1638              	.LASF50:
 1639 0344 70617373 		.ascii	"passSarChannels\000"
 1639      53617243 
 1639      68616E6E 
 1639      656C7300 
 1640              	.LASF4:
 1641 0354 5F5F696E 		.ascii	"__int16_t\000"
 1641      7431365F 
 1641      7400
 1642              	.LASF119:
 1643 035e 72784275 		.ascii	"rxBufIdx\000"
 1643      66496478 
 1643      00
 1644              	.LASF93:
 1645 0367 63707573 		.ascii	"cpussCm4PwrCtlOffset\000"
 1645      73436D34 
 1645      50777243 
 1645      746C4F66 
 1645      66736574 
 1646              	.LASF121:
 1647 037c 74784275 		.ascii	"txBufSize\000"
 1647      6653697A 
 1647      6500
 1648              	.LASF136:
 1649 0386 696E7465 		.ascii	"interruptSources\000"
 1649      72727570 
 1649      74536F75 
 1649      72636573 
 1649      00
 1650              	.LASF88:
 1651 0397 6770696F 		.ascii	"gpioPrtCfgSioOffset\000"
 1651      50727443 
 1651      66675369 
 1651      6F4F6666 
 1651      73657400 
 1652              	.LASF40:
 1653 03ab 63707573 		.ascii	"cpussDwChNr\000"
 1653      73447743 
 1653      684E7200 
 1654              	.LASF12:
 1655 03b7 756E7369 		.ascii	"unsigned int\000"
ARM GAS  C:\Users\15026\AppData\Local\Temp\ccsk9lBB.s 			page 36


 1655      676E6564 
 1655      20696E74 
 1655      00
 1656              	.LASF15:
 1657 03c4 75696E74 		.ascii	"uint16_t\000"
 1657      31365F74 
 1657      00
 1658              	.LASF73:
 1659 03cd 70657269 		.ascii	"periTrCmdGrSelMsk\000"
 1659      5472436D 
 1659      64477253 
 1659      656C4D73 
 1659      6B00
 1660              	.LASF62:
 1661 03df 666C6173 		.ascii	"flashCtlMainWs1Freq\000"
 1661      6843746C 
 1661      4D61696E 
 1661      57733146 
 1661      72657100 
 1662              	.LASF9:
 1663 03f3 6C6F6E67 		.ascii	"long unsigned int\000"
 1663      20756E73 
 1663      69676E65 
 1663      6420696E 
 1663      7400
 1664              	.LASF135:
 1665 0405 656E6162 		.ascii	"enableCompareSwap\000"
 1665      6C65436F 
 1665      6D706172 
 1665      65537761 
 1665      7000
 1666              	.LASF110:
 1667 0417 63795F63 		.ascii	"cy_cb_scb_uart_handle_events_t\000"
 1667      625F7363 
 1667      625F7561 
 1667      72745F68 
 1667      616E646C 
 1668              	.LASF38:
 1669 0436 63707573 		.ascii	"cpussIpcNr\000"
 1669      73497063 
 1669      4E7200
 1670              	.LASF25:
 1671 0441 6770696F 		.ascii	"gpioBase\000"
 1671      42617365 
 1671      00
 1672              	.LASF51:
 1673 044a 65704D6F 		.ascii	"epMonitorNr\000"
 1673      6E69746F 
 1673      724E7200 
 1674              	.LASF111:
 1675 0456 74785374 		.ascii	"txStatus\000"
 1675      61747573 
 1675      00
 1676              	.LASF158:
 1677 045f 73776170 		.ascii	"swapInputMode\000"
 1677      496E7075 
 1677      744D6F64 
ARM GAS  C:\Users\15026\AppData\Local\Temp\ccsk9lBB.s 			page 37


 1677      6500
 1678              	.LASF74:
 1679 046d 70657269 		.ascii	"periTrGrOffset\000"
 1679      54724772 
 1679      4F666673 
 1679      657400
 1680              	.LASF101:
 1681 047c 63707573 		.ascii	"cpussRam1Ctl0\000"
 1681      7352616D 
 1681      3143746C 
 1681      3000
 1682              	.LASF160:
 1683 048a 6B696C6C 		.ascii	"killInputMode\000"
 1683      496E7075 
 1683      744D6F64 
 1683      6500
 1684              	.LASF123:
 1685 0498 63624576 		.ascii	"cbEvents\000"
 1685      656E7473 
 1685      00
 1686              	.LASF75:
 1687 04a1 70657269 		.ascii	"periTrGrSize\000"
 1687      54724772 
 1687      53697A65 
 1687      00
 1688              	.LASF175:
 1689 04ae 43795F53 		.ascii	"Cy_SysEnableCM4\000"
 1689      7973456E 
 1689      61626C65 
 1689      434D3400 
 1690              	.LASF33:
 1691 04be 6770696F 		.ascii	"gpioVersion\000"
 1691      56657273 
 1691      696F6E00 
 1692              	.LASF120:
 1693 04ca 74784275 		.ascii	"txBuf\000"
 1693      6600
 1694              	.LASF105:
 1695 04d0 63795F73 		.ascii	"cy_stc_device_t\000"
 1695      74635F64 
 1695      65766963 
 1695      655F7400 
 1696              	.LASF155:
 1697 04e0 696E7665 		.ascii	"invertPWMOut\000"
 1697      72745057 
 1697      4D4F7574 
 1697      00
 1698              	.LASF151:
 1699 04ed 64656164 		.ascii	"deadTimeClocks\000"
 1699      54696D65 
 1699      436C6F63 
 1699      6B7300
 1700              	.LASF115:
 1701 04fc 72785269 		.ascii	"rxRingBufHead\000"
 1701      6E674275 
 1701      66486561 
 1701      6400
ARM GAS  C:\Users\15026\AppData\Local\Temp\ccsk9lBB.s 			page 38


 1702              	.LASF94:
 1703 050a 63707573 		.ascii	"cpussTrimRamCtlOffset\000"
 1703      73547269 
 1703      6D52616D 
 1703      43746C4F 
 1703      66667365 
 1704              	.LASF142:
 1705 0520 73746172 		.ascii	"startInput\000"
 1705      74496E70 
 1705      757400
 1706              	.LASF29:
 1707 052b 63707573 		.ascii	"cpussVersion\000"
 1707      73566572 
 1707      73696F6E 
 1707      00
 1708              	.LASF36:
 1709 0538 70657269 		.ascii	"periVersion\000"
 1709      56657273 
 1709      696F6E00 
 1710              	.LASF92:
 1711 0544 63707573 		.ascii	"cpussCm0StatusOffset\000"
 1711      73436D30 
 1711      53746174 
 1711      75734F66 
 1711      66736574 
 1712              	.LASF127:
 1713 0559 63795F73 		.ascii	"cy_stc_tcpwm_counter_config\000"
 1713      74635F74 
 1713      6370776D 
 1713      5F636F75 
 1713      6E746572 
 1714              	.LASF17:
 1715 0575 73697A65 		.ascii	"sizetype\000"
 1715      74797065 
 1715      00
 1716              	.LASF66:
 1717 057e 64774368 		.ascii	"dwChOffset\000"
 1717      4F666673 
 1717      657400
 1718              	.LASF172:
 1719 0589 443A5C4D 		.ascii	"D:\\MotorControl\\MotorControl\\SmartMotorControl.c"
 1719      6F746F72 
 1719      436F6E74 
 1719      726F6C5C 
 1719      4D6F746F 
 1720 05b9 7964736E 		.ascii	"ydsn\000"
 1720      00
 1721              	.LASF167:
 1722 05be 4C696461 		.ascii	"LidarMotorControl_config\000"
 1722      724D6F74 
 1722      6F72436F 
 1722      6E74726F 
 1722      6C5F636F 
 1723              	.LASF79:
 1724 05d7 70657269 		.ascii	"periDivCmdPaTypeSelPos\000"
 1724      44697643 
 1724      6D645061 
ARM GAS  C:\Users\15026\AppData\Local\Temp\ccsk9lBB.s 			page 39


 1724      54797065 
 1724      53656C50 
 1725              	.LASF102:
 1726 05ee 63707573 		.ascii	"cpussRam2Ctl0\000"
 1726      7352616D 
 1726      3243746C 
 1726      3000
 1727              	.LASF70:
 1728 05fc 64775374 		.ascii	"dwStatusChIdxPos\000"
 1728      61747573 
 1728      43684964 
 1728      78506F73 
 1728      00
 1729              	.LASF52:
 1730 060d 75646250 		.ascii	"udbPresent\000"
 1730      72657365 
 1730      6E7400
 1731              	.LASF112:
 1732 0618 72785374 		.ascii	"rxStatus\000"
 1732      61747573 
 1732      00
 1733              	.LASF32:
 1734 0621 666C6173 		.ascii	"flashcVersion\000"
 1734      68635665 
 1734      7273696F 
 1734      6E00
 1735              	.LASF28:
 1736 062f 63727970 		.ascii	"cryptoBase\000"
 1736      746F4261 
 1736      736500
 1737              	.LASF49:
 1738 063a 736D6966 		.ascii	"smifDeviceNr\000"
 1738      44657669 
 1738      63654E72 
 1738      00
 1739              	.LASF173:
 1740 0647 5F5F656E 		.ascii	"__enable_irq\000"
 1740      61626C65 
 1740      5F697271 
 1740      00
 1741              	.LASF149:
 1742 0654 70776D4D 		.ascii	"pwmMode\000"
 1742      6F646500 
 1743              	.LASF107:
 1744 065c 666C6F61 		.ascii	"float\000"
 1744      7400
 1745              	.LASF71:
 1746 0662 64775374 		.ascii	"dwStatusChIdxMsk\000"
 1746      61747573 
 1746      43684964 
 1746      784D736B 
 1746      00
 1747              	.LASF163:
 1748 0673 63795F64 		.ascii	"cy_device\000"
 1748      65766963 
 1748      6500
 1749              	.LASF99:
ARM GAS  C:\Users\15026\AppData\Local\Temp\ccsk9lBB.s 			page 40


 1750 067d 63707573 		.ascii	"cpussRomCtl\000"
 1750      73526F6D 
 1750      43746C00 
 1751              	.LASF69:
 1752 0689 64774368 		.ascii	"dwChCtlPreemptablePos\000"
 1752      43746C50 
 1752      7265656D 
 1752      70746162 
 1752      6C65506F 
 1753              	.LASF157:
 1754 069f 6B696C6C 		.ascii	"killMode\000"
 1754      4D6F6465 
 1754      00
 1755              	.LASF22:
 1756 06a8 75646242 		.ascii	"udbBase\000"
 1756      61736500 
 1757              	.LASF109:
 1758 06b0 5F426F6F 		.ascii	"_Bool\000"
 1758      6C00
 1759              	.LASF1:
 1760 06b6 756E7369 		.ascii	"unsigned char\000"
 1760      676E6564 
 1760      20636861 
 1760      7200
 1761              	.LASF164:
 1762 06c4 50657269 		.ascii	"PeriodicTimer_config\000"
 1762      6F646963 
 1762      54696D65 
 1762      725F636F 
 1762      6E666967 
 1763              	.LASF65:
 1764 06d9 666C6173 		.ascii	"flashCtlMainWs4Freq\000"
 1764      6843746C 
 1764      4D61696E 
 1764      57733446 
 1764      72657100 
 1765              	.LASF0:
 1766 06ed 73686F72 		.ascii	"short int\000"
 1766      7420696E 
 1766      7400
 1767              	.LASF76:
 1768 06f7 70657269 		.ascii	"periDivCmdDivSelMsk\000"
 1768      44697643 
 1768      6D644469 
 1768      7653656C 
 1768      4D736B00 
 1769              	.LASF63:
 1770 070b 666C6173 		.ascii	"flashCtlMainWs2Freq\000"
 1770      6843746C 
 1770      4D61696E 
 1770      57733246 
 1770      72657100 
 1771              	.LASF154:
 1772 071f 656E6162 		.ascii	"enablePeriodSwap\000"
 1772      6C655065 
 1772      72696F64 
 1772      53776170 
ARM GAS  C:\Users\15026\AppData\Local\Temp\ccsk9lBB.s 			page 41


 1772      00
 1773              	.LASF132:
 1774 0730 636F6D70 		.ascii	"compareOrCapture\000"
 1774      6172654F 
 1774      72436170 
 1774      74757265 
 1774      00
 1775              	.LASF47:
 1776 0741 73727373 		.ascii	"srssNumHfroot\000"
 1776      4E756D48 
 1776      66726F6F 
 1776      7400
 1777              	.LASF60:
 1778 074f 666C6173 		.ascii	"flashEraseDelay\000"
 1778      68457261 
 1778      73654465 
 1778      6C617900 
 1779              	.LASF16:
 1780 075f 75696E74 		.ascii	"uint32_t\000"
 1780      33325F74 
 1780      00
 1781              	.LASF98:
 1782 0768 63707573 		.ascii	"cpussCm4NmiCtlOffset\000"
 1782      73436D34 
 1782      4E6D6943 
 1782      746C4F66 
 1782      66736574 
 1783              	.LASF170:
 1784 077d 474E5520 		.ascii	"GNU C11 5.4.1 20160609 (release) [ARM/embedded-5-br"
 1784      43313120 
 1784      352E342E 
 1784      31203230 
 1784      31363036 
 1785 07b0 616E6368 		.ascii	"anch revision 237715] -mcpu=cortex-m0plus -mthumb -"
 1785      20726576 
 1785      6973696F 
 1785      6E203233 
 1785      37373135 
 1786 07e3 67202D4F 		.ascii	"g -Og -ffunction-sections -ffat-lto-objects\000"
 1786      67202D66 
 1786      66756E63 
 1786      74696F6E 
 1786      2D736563 
 1787              	.LASF133:
 1788 080f 636F6D70 		.ascii	"compare0\000"
 1788      61726530 
 1788      00
 1789              	.LASF18:
 1790 0818 6C6F6E67 		.ascii	"long double\000"
 1790      20646F75 
 1790      626C6500 
 1791              	.LASF106:
 1792 0824 63686172 		.ascii	"char\000"
 1792      00
 1793              	.LASF146:
 1794 0829 636F756E 		.ascii	"countInput\000"
 1794      74496E70 
ARM GAS  C:\Users\15026\AppData\Local\Temp\ccsk9lBB.s 			page 42


 1794      757400
 1795              	.LASF37:
 1796 0834 70726F74 		.ascii	"protVersion\000"
 1796      56657273 
 1796      696F6E00 
 1797              	.LASF100:
 1798 0840 63707573 		.ascii	"cpussRam0Ctl0\000"
 1798      7352616D 
 1798      3043746C 
 1798      3000
 1799              	.LASF5:
 1800 084e 5F5F7569 		.ascii	"__uint16_t\000"
 1800      6E743136 
 1800      5F7400
 1801              	.LASF81:
 1802 0859 70657269 		.ascii	"periDiv16CtlOffset\000"
 1802      44697631 
 1802      3643746C 
 1802      4F666673 
 1802      657400
 1803              	.LASF34:
 1804 086c 6873696F 		.ascii	"hsiomVersion\000"
 1804      6D566572 
 1804      73696F6E 
 1804      00
 1805              	.LASF59:
 1806 0879 666C6173 		.ascii	"flashProgramDelay\000"
 1806      6850726F 
 1806      6772616D 
 1806      44656C61 
 1806      7900
 1807              	.LASF114:
 1808 088b 72785269 		.ascii	"rxRingBufSize\000"
 1808      6E674275 
 1808      6653697A 
 1808      6500
 1809              	.LASF140:
 1810 0899 72656C6F 		.ascii	"reloadInput\000"
 1810      6164496E 
 1810      70757400 
 1811              	.LASF6:
 1812 08a5 73686F72 		.ascii	"short unsigned int\000"
 1812      7420756E 
 1812      7369676E 
 1812      65642069 
 1812      6E7400
 1813              	.LASF67:
 1814 08b8 64774368 		.ascii	"dwChSize\000"
 1814      53697A65 
 1814      00
 1815              	.LASF144:
 1816 08c1 73746F70 		.ascii	"stopInput\000"
 1816      496E7075 
 1816      7400
 1817              	.LASF103:
 1818 08cb 69706353 		.ascii	"ipcStructSize\000"
 1818      74727563 
ARM GAS  C:\Users\15026\AppData\Local\Temp\ccsk9lBB.s 			page 43


 1818      7453697A 
 1818      6500
 1819              	.LASF141:
 1820 08d9 73746172 		.ascii	"startInputMode\000"
 1820      74496E70 
 1820      75744D6F 
 1820      646500
 1821              	.LASF42:
 1822 08e8 63707573 		.ascii	"cpussIpc0Irq\000"
 1822      73497063 
 1822      30497271 
 1822      00
 1823              	.LASF152:
 1824 08f5 70657269 		.ascii	"period0\000"
 1824      6F643000 
 1825              	.LASF153:
 1826 08fd 70657269 		.ascii	"period1\000"
 1826      6F643100 
 1827              	.LASF134:
 1828 0905 636F6D70 		.ascii	"compare1\000"
 1828      61726531 
 1828      00
 1829              	.LASF89:
 1830 090e 63707573 		.ascii	"cpussCm0ClockCtlOffset\000"
 1830      73436D30 
 1830      436C6F63 
 1830      6B43746C 
 1830      4F666673 
 1831              	.LASF85:
 1832 0925 6770696F 		.ascii	"gpioPrtCfgOffset\000"
 1832      50727443 
 1832      66674F66 
 1832      66736574 
 1832      00
 1833              	.LASF124:
 1834 0936 696E6974 		.ascii	"initKey\000"
 1834      4B657900 
 1835              	.LASF117:
 1836 093e 72784275 		.ascii	"rxBuf\000"
 1836      6600
 1837              	.LASF2:
 1838 0944 7369676E 		.ascii	"signed char\000"
 1838      65642063 
 1838      68617200 
 1839              	.LASF125:
 1840 0950 63795F73 		.ascii	"cy_stc_scb_uart_context_t\000"
 1840      74635F73 
 1840      63625F75 
 1840      6172745F 
 1840      636F6E74 
 1841              	.LASF44:
 1842 096a 63707573 		.ascii	"cpussNotConnectedIrq\000"
 1842      734E6F74 
 1842      436F6E6E 
 1842      65637465 
 1842      64497271 
 1843              	.LASF156:
ARM GAS  C:\Users\15026\AppData\Local\Temp\ccsk9lBB.s 			page 44


 1844 097f 696E7665 		.ascii	"invertPWMOutN\000"
 1844      72745057 
 1844      4D4F7574 
 1844      4E00
 1845              	.LASF58:
 1846 098d 666C6173 		.ascii	"flashWriteDelay\000"
 1846      68577269 
 1846      74654465 
 1846      6C617900 
 1847              	.LASF165:
 1848 099d 4D6F746F 		.ascii	"MotorSpeedControl_config\000"
 1848      72537065 
 1848      6564436F 
 1848      6E74726F 
 1848      6C5F636F 
 1849              	.LASF13:
 1850 09b6 75696E74 		.ascii	"uint8_t\000"
 1850      385F7400 
 1851              	.LASF91:
 1852 09be 63707573 		.ascii	"cpussCm4StatusOffset\000"
 1852      73436D34 
 1852      53746174 
 1852      75734F66 
 1852      66736574 
 1853              	.LASF84:
 1854 09d3 6770696F 		.ascii	"gpioPrtIntrCfgOffset\000"
 1854      50727449 
 1854      6E747243 
 1854      66674F66 
 1854      66736574 
 1855              	.LASF162:
 1856 09e8 63795F73 		.ascii	"cy_stc_tcpwm_pwm_config_t\000"
 1856      74635F74 
 1856      6370776D 
 1856      5F70776D 
 1856      5F636F6E 
 1857              	.LASF139:
 1858 0a02 72656C6F 		.ascii	"reloadInputMode\000"
 1858      6164496E 
 1858      7075744D 
 1858      6F646500 
 1859              	.LASF116:
 1860 0a12 72785269 		.ascii	"rxRingBufTail\000"
 1860      6E674275 
 1860      66546169 
 1860      6C00
 1861              	.LASF95:
 1862 0a20 63707573 		.ascii	"cpussTrimRomCtlOffset\000"
 1862      73547269 
 1862      6D526F6D 
 1862      43746C4F 
 1862      66667365 
 1863              	.LASF145:
 1864 0a36 636F756E 		.ascii	"countInputMode\000"
 1864      74496E70 
 1864      75744D6F 
 1864      646500
ARM GAS  C:\Users\15026\AppData\Local\Temp\ccsk9lBB.s 			page 45


 1865              	.LASF31:
 1866 0a45 64775665 		.ascii	"dwVersion\000"
 1866      7273696F 
 1866      6E00
 1867              	.LASF27:
 1868 0a4f 69706342 		.ascii	"ipcBase\000"
 1868      61736500 
 1869              	.LASF78:
 1870 0a57 70657269 		.ascii	"periDivCmdPaDivSelPos\000"
 1870      44697643 
 1870      6D645061 
 1870      44697653 
 1870      656C506F 
 1871              	.LASF126:
 1872 0a6d 63795F73 		.ascii	"cy_stc_scb_uart_context\000"
 1872      74635F73 
 1872      63625F75 
 1872      6172745F 
 1872      636F6E74 
 1873              	.LASF108:
 1874 0a85 646F7562 		.ascii	"double\000"
 1874      6C6500
 1875              	.LASF41:
 1876 0a8c 63707573 		.ascii	"cpussFlashPaSize\000"
 1876      73466C61 
 1876      73685061 
 1876      53697A65 
 1876      00
 1877              	.LASF56:
 1878 0a9d 666C6173 		.ascii	"flashRwwRequired\000"
 1878      68527777 
 1878      52657175 
 1878      69726564 
 1878      00
 1879              	.LASF169:
 1880 0aae 4C696461 		.ascii	"LidarUart_context\000"
 1880      72556172 
 1880      745F636F 
 1880      6E746578 
 1880      7400
 1881              		.ident	"GCC: (GNU Tools for ARM Embedded Processors) 5.4.1 20160609 (release) [ARM/embedded-5-bran
